{"C:\\Users\\wilfr\\Desktop\\bootCamp React\\wayfarer\\app\\test\\auth.spec.js":{"path":"C:\\Users\\wilfr\\Desktop\\bootCamp React\\wayfarer\\app\\test\\auth.spec.js","statementMap":{"0":{"start":{"line":3,"column":29},"end":{"line":3,"column":92}},"1":{"start":{"line":5,"column":12},"end":{"line":5,"column":51}},"2":{"start":{"line":7,"column":25},"end":{"line":7,"column":80}},"3":{"start":{"line":9,"column":14},"end":{"line":9,"column":55}},"4":{"start":{"line":11,"column":17},"end":{"line":11,"column":61}},"5":{"start":{"line":13,"column":8},"end":{"line":13,"column":45}},"6":{"start":{"line":15,"column":14},"end":{"line":15,"column":38}},"7":{"start":{"line":18,"column":0},"end":{"line":22,"column":4}},"8":{"start":{"line":24,"column":13},"end":{"line":24,"column":38}},"9":{"start":{"line":29,"column":2},"end":{"line":85,"column":5}},"10":{"start":{"line":30,"column":15},"end":{"line":34,"column":5}},"11":{"start":{"line":35,"column":4},"end":{"line":48,"column":6}},"12":{"start":{"line":49,"column":4},"end":{"line":83,"column":6}},"13":{"start":{"line":84,"column":4},"end":{"line":84,"column":11}},"14":{"start":{"line":86,"column":2},"end":{"line":203,"column":5}},"15":{"start":{"line":87,"column":4},"end":{"line":100,"column":7}},"16":{"start":{"line":88,"column":20},"end":{"line":93,"column":7}},"17":{"start":{"line":94,"column":6},"end":{"line":99,"column":9}},"18":{"start":{"line":95,"column":8},"end":{"line":95,"column":53}},"19":{"start":{"line":96,"column":8},"end":{"line":96,"column":30}},"20":{"start":{"line":97,"column":8},"end":{"line":97,"column":37}},"21":{"start":{"line":98,"column":8},"end":{"line":98,"column":15}},"22":{"start":{"line":101,"column":4},"end":{"line":115,"column":7}},"23":{"start":{"line":102,"column":20},"end":{"line":107,"column":7}},"24":{"start":{"line":108,"column":6},"end":{"line":108,"column":86}},"25":{"start":{"line":109,"column":6},"end":{"line":114,"column":9}},"26":{"start":{"line":110,"column":8},"end":{"line":110,"column":51}},"27":{"start":{"line":111,"column":8},"end":{"line":111,"column":30}},"28":{"start":{"line":112,"column":8},"end":{"line":112,"column":37}},"29":{"start":{"line":113,"column":8},"end":{"line":113,"column":15}},"30":{"start":{"line":116,"column":4},"end":{"line":129,"column":7}},"31":{"start":{"line":117,"column":20},"end":{"line":121,"column":7}},"32":{"start":{"line":122,"column":6},"end":{"line":122,"column":81}},"33":{"start":{"line":123,"column":6},"end":{"line":128,"column":9}},"34":{"start":{"line":124,"column":8},"end":{"line":124,"column":51}},"35":{"start":{"line":125,"column":8},"end":{"line":125,"column":30}},"36":{"start":{"line":126,"column":8},"end":{"line":126,"column":37}},"37":{"start":{"line":127,"column":8},"end":{"line":127,"column":15}},"38":{"start":{"line":130,"column":4},"end":{"line":144,"column":7}},"39":{"start":{"line":131,"column":20},"end":{"line":136,"column":7}},"40":{"start":{"line":137,"column":6},"end":{"line":137,"column":79}},"41":{"start":{"line":138,"column":6},"end":{"line":143,"column":9}},"42":{"start":{"line":139,"column":8},"end":{"line":139,"column":51}},"43":{"start":{"line":140,"column":8},"end":{"line":140,"column":30}},"44":{"start":{"line":141,"column":8},"end":{"line":141,"column":37}},"45":{"start":{"line":142,"column":8},"end":{"line":142,"column":15}},"46":{"start":{"line":145,"column":4},"end":{"line":158,"column":7}},"47":{"start":{"line":146,"column":20},"end":{"line":150,"column":7}},"48":{"start":{"line":151,"column":6},"end":{"line":151,"column":76}},"49":{"start":{"line":152,"column":6},"end":{"line":157,"column":9}},"50":{"start":{"line":153,"column":8},"end":{"line":153,"column":51}},"51":{"start":{"line":154,"column":8},"end":{"line":154,"column":30}},"52":{"start":{"line":155,"column":8},"end":{"line":155,"column":37}},"53":{"start":{"line":156,"column":8},"end":{"line":156,"column":15}},"54":{"start":{"line":159,"column":4},"end":{"line":173,"column":7}},"55":{"start":{"line":160,"column":20},"end":{"line":165,"column":7}},"56":{"start":{"line":166,"column":6},"end":{"line":166,"column":80}},"57":{"start":{"line":167,"column":6},"end":{"line":172,"column":9}},"58":{"start":{"line":168,"column":8},"end":{"line":168,"column":51}},"59":{"start":{"line":169,"column":8},"end":{"line":169,"column":30}},"60":{"start":{"line":170,"column":8},"end":{"line":170,"column":37}},"61":{"start":{"line":171,"column":8},"end":{"line":171,"column":15}},"62":{"start":{"line":174,"column":4},"end":{"line":187,"column":7}},"63":{"start":{"line":175,"column":20},"end":{"line":179,"column":7}},"64":{"start":{"line":180,"column":6},"end":{"line":180,"column":79}},"65":{"start":{"line":181,"column":6},"end":{"line":186,"column":9}},"66":{"start":{"line":182,"column":8},"end":{"line":182,"column":51}},"67":{"start":{"line":183,"column":8},"end":{"line":183,"column":30}},"68":{"start":{"line":184,"column":8},"end":{"line":184,"column":37}},"69":{"start":{"line":185,"column":8},"end":{"line":185,"column":15}},"70":{"start":{"line":188,"column":4},"end":{"line":202,"column":7}},"71":{"start":{"line":189,"column":20},"end":{"line":194,"column":7}},"72":{"start":{"line":195,"column":6},"end":{"line":195,"column":125}},"73":{"start":{"line":196,"column":6},"end":{"line":201,"column":9}},"74":{"start":{"line":197,"column":8},"end":{"line":197,"column":51}},"75":{"start":{"line":198,"column":8},"end":{"line":198,"column":30}},"76":{"start":{"line":199,"column":8},"end":{"line":199,"column":37}},"77":{"start":{"line":200,"column":8},"end":{"line":200,"column":15}},"78":{"start":{"line":204,"column":2},"end":{"line":267,"column":5}},"79":{"start":{"line":205,"column":4},"end":{"line":216,"column":7}},"80":{"start":{"line":206,"column":20},"end":{"line":209,"column":7}},"81":{"start":{"line":210,"column":6},"end":{"line":215,"column":9}},"82":{"start":{"line":211,"column":8},"end":{"line":211,"column":53}},"83":{"start":{"line":212,"column":8},"end":{"line":212,"column":30}},"84":{"start":{"line":213,"column":8},"end":{"line":213,"column":37}},"85":{"start":{"line":214,"column":8},"end":{"line":214,"column":15}},"86":{"start":{"line":217,"column":4},"end":{"line":229,"column":7}},"87":{"start":{"line":218,"column":20},"end":{"line":221,"column":7}},"88":{"start":{"line":222,"column":6},"end":{"line":222,"column":76}},"89":{"start":{"line":223,"column":6},"end":{"line":228,"column":9}},"90":{"start":{"line":224,"column":8},"end":{"line":224,"column":51}},"91":{"start":{"line":225,"column":8},"end":{"line":225,"column":30}},"92":{"start":{"line":226,"column":8},"end":{"line":226,"column":37}},"93":{"start":{"line":227,"column":8},"end":{"line":227,"column":15}},"94":{"start":{"line":230,"column":4},"end":{"line":241,"column":7}},"95":{"start":{"line":231,"column":20},"end":{"line":233,"column":7}},"96":{"start":{"line":234,"column":6},"end":{"line":234,"column":76}},"97":{"start":{"line":235,"column":6},"end":{"line":240,"column":9}},"98":{"start":{"line":236,"column":8},"end":{"line":236,"column":51}},"99":{"start":{"line":237,"column":8},"end":{"line":237,"column":30}},"100":{"start":{"line":238,"column":8},"end":{"line":238,"column":37}},"101":{"start":{"line":239,"column":8},"end":{"line":239,"column":15}},"102":{"start":{"line":242,"column":4},"end":{"line":254,"column":7}},"103":{"start":{"line":243,"column":20},"end":{"line":246,"column":7}},"104":{"start":{"line":247,"column":6},"end":{"line":247,"column":80}},"105":{"start":{"line":248,"column":6},"end":{"line":253,"column":9}},"106":{"start":{"line":249,"column":8},"end":{"line":249,"column":51}},"107":{"start":{"line":250,"column":8},"end":{"line":250,"column":30}},"108":{"start":{"line":251,"column":8},"end":{"line":251,"column":37}},"109":{"start":{"line":252,"column":8},"end":{"line":252,"column":15}},"110":{"start":{"line":255,"column":4},"end":{"line":266,"column":7}},"111":{"start":{"line":256,"column":20},"end":{"line":258,"column":7}},"112":{"start":{"line":259,"column":6},"end":{"line":259,"column":79}},"113":{"start":{"line":260,"column":6},"end":{"line":265,"column":9}},"114":{"start":{"line":261,"column":8},"end":{"line":261,"column":51}},"115":{"start":{"line":262,"column":8},"end":{"line":262,"column":30}},"116":{"start":{"line":263,"column":8},"end":{"line":263,"column":37}},"117":{"start":{"line":264,"column":8},"end":{"line":264,"column":15}}},"fnMap":{"0":{"name":"(anonymous_0)","decl":{"start":{"line":29,"column":66},"end":{"line":29,"column":67}},"loc":{"start":{"line":29,"column":82},"end":{"line":85,"column":3}},"line":29},"1":{"name":"(anonymous_1)","decl":{"start":{"line":86,"column":31},"end":{"line":86,"column":32}},"loc":{"start":{"line":86,"column":43},"end":{"line":203,"column":3}},"line":86},"2":{"name":"(anonymous_2)","decl":{"start":{"line":87,"column":46},"end":{"line":87,"column":47}},"loc":{"start":{"line":87,"column":62},"end":{"line":100,"column":5}},"line":87},"3":{"name":"(anonymous_3)","decl":{"start":{"line":94,"column":93},"end":{"line":94,"column":94}},"loc":{"start":{"line":94,"column":113},"end":{"line":99,"column":7}},"line":94},"4":{"name":"(anonymous_4)","decl":{"start":{"line":101,"column":77},"end":{"line":101,"column":78}},"loc":{"start":{"line":101,"column":93},"end":{"line":115,"column":5}},"line":101},"5":{"name":"(anonymous_5)","decl":{"start":{"line":109,"column":93},"end":{"line":109,"column":94}},"loc":{"start":{"line":109,"column":113},"end":{"line":114,"column":7}},"line":109},"6":{"name":"(anonymous_6)","decl":{"start":{"line":116,"column":66},"end":{"line":116,"column":67}},"loc":{"start":{"line":116,"column":82},"end":{"line":129,"column":5}},"line":116},"7":{"name":"(anonymous_7)","decl":{"start":{"line":123,"column":93},"end":{"line":123,"column":94}},"loc":{"start":{"line":123,"column":113},"end":{"line":128,"column":7}},"line":123},"8":{"name":"(anonymous_8)","decl":{"start":{"line":130,"column":66},"end":{"line":130,"column":67}},"loc":{"start":{"line":130,"column":82},"end":{"line":144,"column":5}},"line":130},"9":{"name":"(anonymous_9)","decl":{"start":{"line":138,"column":93},"end":{"line":138,"column":94}},"loc":{"start":{"line":138,"column":113},"end":{"line":143,"column":7}},"line":138},"10":{"name":"(anonymous_10)","decl":{"start":{"line":145,"column":61},"end":{"line":145,"column":62}},"loc":{"start":{"line":145,"column":77},"end":{"line":158,"column":5}},"line":145},"11":{"name":"(anonymous_11)","decl":{"start":{"line":152,"column":93},"end":{"line":152,"column":94}},"loc":{"start":{"line":152,"column":113},"end":{"line":157,"column":7}},"line":152},"12":{"name":"(anonymous_12)","decl":{"start":{"line":159,"column":63},"end":{"line":159,"column":64}},"loc":{"start":{"line":159,"column":79},"end":{"line":173,"column":5}},"line":159},"13":{"name":"(anonymous_13)","decl":{"start":{"line":167,"column":93},"end":{"line":167,"column":94}},"loc":{"start":{"line":167,"column":113},"end":{"line":172,"column":7}},"line":167},"14":{"name":"(anonymous_14)","decl":{"start":{"line":174,"column":64},"end":{"line":174,"column":65}},"loc":{"start":{"line":174,"column":80},"end":{"line":187,"column":5}},"line":174},"15":{"name":"(anonymous_15)","decl":{"start":{"line":181,"column":93},"end":{"line":181,"column":94}},"loc":{"start":{"line":181,"column":113},"end":{"line":186,"column":7}},"line":181},"16":{"name":"(anonymous_16)","decl":{"start":{"line":188,"column":86},"end":{"line":188,"column":87}},"loc":{"start":{"line":188,"column":102},"end":{"line":202,"column":5}},"line":188},"17":{"name":"(anonymous_17)","decl":{"start":{"line":196,"column":93},"end":{"line":196,"column":94}},"loc":{"start":{"line":196,"column":113},"end":{"line":201,"column":7}},"line":196},"18":{"name":"(anonymous_18)","decl":{"start":{"line":204,"column":31},"end":{"line":204,"column":32}},"loc":{"start":{"line":204,"column":43},"end":{"line":267,"column":3}},"line":204},"19":{"name":"(anonymous_19)","decl":{"start":{"line":205,"column":37},"end":{"line":205,"column":38}},"loc":{"start":{"line":205,"column":53},"end":{"line":216,"column":5}},"line":205},"20":{"name":"(anonymous_20)","decl":{"start":{"line":210,"column":93},"end":{"line":210,"column":94}},"loc":{"start":{"line":210,"column":113},"end":{"line":215,"column":7}},"line":210},"21":{"name":"(anonymous_21)","decl":{"start":{"line":217,"column":75},"end":{"line":217,"column":76}},"loc":{"start":{"line":217,"column":91},"end":{"line":229,"column":5}},"line":217},"22":{"name":"(anonymous_22)","decl":{"start":{"line":223,"column":93},"end":{"line":223,"column":94}},"loc":{"start":{"line":223,"column":113},"end":{"line":228,"column":7}},"line":223},"23":{"name":"(anonymous_23)","decl":{"start":{"line":230,"column":52},"end":{"line":230,"column":53}},"loc":{"start":{"line":230,"column":68},"end":{"line":241,"column":5}},"line":230},"24":{"name":"(anonymous_24)","decl":{"start":{"line":235,"column":93},"end":{"line":235,"column":94}},"loc":{"start":{"line":235,"column":113},"end":{"line":240,"column":7}},"line":235},"25":{"name":"(anonymous_25)","decl":{"start":{"line":242,"column":54},"end":{"line":242,"column":55}},"loc":{"start":{"line":242,"column":70},"end":{"line":254,"column":5}},"line":242},"26":{"name":"(anonymous_26)","decl":{"start":{"line":248,"column":93},"end":{"line":248,"column":94}},"loc":{"start":{"line":248,"column":113},"end":{"line":253,"column":7}},"line":248},"27":{"name":"(anonymous_27)","decl":{"start":{"line":255,"column":55},"end":{"line":255,"column":56}},"loc":{"start":{"line":255,"column":71},"end":{"line":266,"column":5}},"line":255},"28":{"name":"(anonymous_28)","decl":{"start":{"line":260,"column":93},"end":{"line":260,"column":94}},"loc":{"start":{"line":260,"column":113},"end":{"line":265,"column":7}},"line":260}},"branchMap":{},"s":{"0":1,"1":1,"2":1,"3":1,"4":1,"5":1,"6":1,"7":1,"8":1,"9":1,"10":1,"11":1,"12":1,"13":1,"14":1,"15":1,"16":1,"17":1,"18":1,"19":1,"20":1,"21":1,"22":1,"23":1,"24":1,"25":1,"26":1,"27":1,"28":1,"29":1,"30":1,"31":1,"32":1,"33":1,"34":1,"35":1,"36":1,"37":1,"38":1,"39":1,"40":1,"41":1,"42":1,"43":1,"44":1,"45":1,"46":1,"47":1,"48":1,"49":1,"50":1,"51":1,"52":1,"53":1,"54":1,"55":1,"56":1,"57":1,"58":1,"59":1,"60":1,"61":1,"62":1,"63":1,"64":1,"65":1,"66":1,"67":1,"68":1,"69":1,"70":1,"71":1,"72":1,"73":1,"74":1,"75":1,"76":1,"77":1,"78":1,"79":1,"80":1,"81":1,"82":1,"83":1,"84":1,"85":1,"86":1,"87":1,"88":1,"89":1,"90":1,"91":1,"92":1,"93":1,"94":1,"95":1,"96":1,"97":1,"98":1,"99":1,"100":1,"101":1,"102":1,"103":1,"104":1,"105":1,"106":1,"107":1,"108":1,"109":1,"110":1,"111":1,"112":1,"113":1,"114":1,"115":1,"116":1,"117":1},"f":{"0":1,"1":1,"2":1,"3":1,"4":1,"5":1,"6":1,"7":1,"8":1,"9":1,"10":1,"11":1,"12":1,"13":1,"14":1,"15":1,"16":1,"17":1,"18":1,"19":1,"20":1,"21":1,"22":1,"23":1,"24":1,"25":1,"26":1,"27":1,"28":1},"b":{},"_coverageSchema":"43e27e138ebf9cfc5966b082cf9a028302ed4184","hash":"62f9ef014e919c993c9b78c4feb137c3c2b22e7e","contentHash":"71427d47cfc62b07ca335a495322d8ac9b76b5af26f0631c567357f4d99a59f8"},"C:\\Users\\wilfr\\Desktop\\bootCamp React\\wayfarer\\app\\index.js":{"path":"C:\\Users\\wilfr\\Desktop\\bootCamp React\\wayfarer\\app\\index.js","statementMap":{"0":{"start":{"line":3,"column":29},"end":{"line":3,"column":92}},"1":{"start":{"line":5,"column":29},"end":{"line":5,"column":100}},"2":{"start":{"line":7,"column":0},"end":{"line":9,"column":3}},"3":{"start":{"line":11,"column":0},"end":{"line":11,"column":28}},"4":{"start":{"line":13,"column":0},"end":{"line":13,"column":26}},"5":{"start":{"line":15,"column":0},"end":{"line":15,"column":39}},"6":{"start":{"line":17,"column":12},"end":{"line":17,"column":51}},"7":{"start":{"line":19,"column":11},"end":{"line":19,"column":51}},"8":{"start":{"line":21,"column":13},"end":{"line":21,"column":35}},"9":{"start":{"line":23,"column":11},"end":{"line":23,"column":35}},"10":{"start":{"line":25,"column":13},"end":{"line":25,"column":59}},"11":{"start":{"line":27,"column":0},"end":{"line":27,"column":79}},"12":{"start":{"line":28,"column":15},"end":{"line":28,"column":21}},"13":{"start":{"line":29,"column":0},"end":{"line":29,"column":30}}},"fnMap":{},"branchMap":{"0":{"loc":{"start":{"line":23,"column":11},"end":{"line":23,"column":35}},"type":"binary-expr","locations":[{"start":{"line":23,"column":11},"end":{"line":23,"column":27}},{"start":{"line":23,"column":31},"end":{"line":23,"column":35}}],"line":23}},"s":{"0":1,"1":1,"2":1,"3":1,"4":1,"5":1,"6":1,"7":1,"8":1,"9":1,"10":1,"11":1,"12":1,"13":1},"f":{},"b":{"0":[1,0]},"_coverageSchema":"43e27e138ebf9cfc5966b082cf9a028302ed4184","hash":"63a372c1108ac506912ab9aac9feabceb121a0b4","contentHash":"b3941b71aa9802cd8ac7337a1a76babe1c6a3f5bdeb48a780654bf8703d981bd"},"C:\\Users\\wilfr\\Desktop\\bootCamp React\\wayfarer\\app\\app.js":{"path":"C:\\Users\\wilfr\\Desktop\\bootCamp React\\wayfarer\\app\\app.js","statementMap":{"0":{"start":{"line":3,"column":29},"end":{"line":3,"column":92}},"1":{"start":{"line":5,"column":29},"end":{"line":5,"column":100}},"2":{"start":{"line":7,"column":0},"end":{"line":9,"column":3}},"3":{"start":{"line":11,"column":0},"end":{"line":11,"column":28}},"4":{"start":{"line":13,"column":0},"end":{"line":13,"column":26}},"5":{"start":{"line":15,"column":0},"end":{"line":15,"column":39}},"6":{"start":{"line":17,"column":15},"end":{"line":17,"column":57}},"7":{"start":{"line":19,"column":14},"end":{"line":19,"column":55}},"8":{"start":{"line":21,"column":24},"end":{"line":21,"column":77}},"9":{"start":{"line":23,"column":12},"end":{"line":23,"column":51}},"10":{"start":{"line":25,"column":15},"end":{"line":25,"column":65}},"11":{"start":{"line":27,"column":14},"end":{"line":27,"column":61}},"12":{"start":{"line":29,"column":10},"end":{"line":29,"column":36}},"13":{"start":{"line":30,"column":0},"end":{"line":30,"column":40}},"14":{"start":{"line":31,"column":0},"end":{"line":31,"column":36}},"15":{"start":{"line":32,"column":0},"end":{"line":32,"column":33}},"16":{"start":{"line":33,"column":0},"end":{"line":33,"column":39}},"17":{"start":{"line":34,"column":0},"end":{"line":34,"column":114}},"18":{"start":{"line":35,"column":0},"end":{"line":40,"column":3}},"19":{"start":{"line":36,"column":2},"end":{"line":39,"column":5}},"20":{"start":{"line":41,"column":15},"end":{"line":41,"column":18}},"21":{"start":{"line":42,"column":0},"end":{"line":42,"column":30}}},"fnMap":{"0":{"name":"(anonymous_0)","decl":{"start":{"line":35,"column":20},"end":{"line":35,"column":21}},"loc":{"start":{"line":35,"column":40},"end":{"line":40,"column":1}},"line":35}},"branchMap":{},"s":{"0":1,"1":1,"2":1,"3":1,"4":1,"5":1,"6":1,"7":1,"8":1,"9":1,"10":1,"11":1,"12":1,"13":1,"14":1,"15":1,"16":1,"17":1,"18":1,"19":1,"20":1,"21":1},"f":{"0":1},"b":{},"_coverageSchema":"43e27e138ebf9cfc5966b082cf9a028302ed4184","hash":"27d06455cef1ca3563f283153f66ba4a1bfdd43e","contentHash":"f73481bddc6e3f79b643689de12cc944aef1636ca26ae5d990a352e1efb19beb"},"C:\\Users\\wilfr\\Desktop\\bootCamp React\\wayfarer\\app\\src\\routes\\index.js":{"path":"C:\\Users\\wilfr\\Desktop\\bootCamp React\\wayfarer\\app\\src\\routes\\index.js","statementMap":{"0":{"start":{"line":3,"column":29},"end":{"line":3,"column":92}},"1":{"start":{"line":5,"column":29},"end":{"line":5,"column":100}},"2":{"start":{"line":7,"column":0},"end":{"line":9,"column":3}},"3":{"start":{"line":11,"column":0},"end":{"line":11,"column":28}},"4":{"start":{"line":13,"column":15},"end":{"line":13,"column":33}},"5":{"start":{"line":15,"column":12},"end":{"line":15,"column":53}},"6":{"start":{"line":17,"column":13},"end":{"line":17,"column":55}},"7":{"start":{"line":19,"column":13},"end":{"line":19,"column":55}},"8":{"start":{"line":21,"column":15},"end":{"line":21,"column":59}},"9":{"start":{"line":23,"column":13},"end":{"line":23,"column":35}},"10":{"start":{"line":24,"column":0},"end":{"line":24,"column":38}},"11":{"start":{"line":25,"column":0},"end":{"line":25,"column":40}},"12":{"start":{"line":26,"column":0},"end":{"line":26,"column":40}},"13":{"start":{"line":27,"column":0},"end":{"line":27,"column":45}},"14":{"start":{"line":28,"column":15},"end":{"line":28,"column":21}},"15":{"start":{"line":29,"column":0},"end":{"line":29,"column":30}}},"fnMap":{},"branchMap":{},"s":{"0":1,"1":1,"2":1,"3":1,"4":1,"5":1,"6":1,"7":1,"8":1,"9":1,"10":1,"11":1,"12":1,"13":1,"14":1,"15":1},"f":{},"b":{},"_coverageSchema":"43e27e138ebf9cfc5966b082cf9a028302ed4184","hash":"8c1e3682a0bf2542b5fe9e72e7dc5607dfc0a42c","contentHash":"eec8d277870dd643c860be116815bda912f7962f6f7e506168c83756a02cb7a4"},"C:\\Users\\wilfr\\Desktop\\bootCamp React\\wayfarer\\app\\src\\routes\\auth.js":{"path":"C:\\Users\\wilfr\\Desktop\\bootCamp React\\wayfarer\\app\\src\\routes\\auth.js","statementMap":{"0":{"start":{"line":3,"column":29},"end":{"line":3,"column":92}},"1":{"start":{"line":5,"column":29},"end":{"line":5,"column":100}},"2":{"start":{"line":7,"column":0},"end":{"line":9,"column":3}},"3":{"start":{"line":11,"column":0},"end":{"line":11,"column":28}},"4":{"start":{"line":13,"column":15},"end":{"line":13,"column":33}},"5":{"start":{"line":15,"column":16},"end":{"line":15,"column":73}},"6":{"start":{"line":17,"column":13},"end":{"line":17,"column":68}},"7":{"start":{"line":19,"column":13},"end":{"line":19,"column":35}},"8":{"start":{"line":21,"column":13},"end":{"line":21,"column":37}},"9":{"start":{"line":22,"column":13},"end":{"line":22,"column":37}},"10":{"start":{"line":24,"column":21},"end":{"line":24,"column":56}},"11":{"start":{"line":25,"column":21},"end":{"line":25,"column":56}},"12":{"start":{"line":27,"column":0},"end":{"line":27,"column":47}},"13":{"start":{"line":29,"column":0},"end":{"line":29,"column":47}},"14":{"start":{"line":30,"column":15},"end":{"line":30,"column":21}},"15":{"start":{"line":31,"column":0},"end":{"line":31,"column":30}}},"fnMap":{},"branchMap":{},"s":{"0":1,"1":1,"2":1,"3":1,"4":1,"5":1,"6":1,"7":1,"8":1,"9":1,"10":1,"11":1,"12":1,"13":1,"14":1,"15":1},"f":{},"b":{},"_coverageSchema":"43e27e138ebf9cfc5966b082cf9a028302ed4184","hash":"dd6396bfb235c07745ece9dd3bef45a4f48e764d","contentHash":"8a5971b803c5686425960f1c058e3f1d89d4076988451b0772cff307781dbb02"},"C:\\Users\\wilfr\\Desktop\\bootCamp React\\wayfarer\\app\\src\\middleware\\validate.js":{"path":"C:\\Users\\wilfr\\Desktop\\bootCamp React\\wayfarer\\app\\src\\middleware\\validate.js","statementMap":{"0":{"start":{"line":3,"column":29},"end":{"line":3,"column":92}},"1":{"start":{"line":5,"column":30},"end":{"line":5,"column":101}},"2":{"start":{"line":7,"column":0},"end":{"line":9,"column":3}},"3":{"start":{"line":11,"column":0},"end":{"line":11,"column":28}},"4":{"start":{"line":13,"column":23},"end":{"line":13,"column":118}},"5":{"start":{"line":15,"column":24},"end":{"line":15,"column":121}},"6":{"start":{"line":17,"column":33},"end":{"line":17,"column":141}},"7":{"start":{"line":19,"column":15},"end":{"line":19,"column":105}},"8":{"start":{"line":21,"column":32},"end":{"line":21,"column":139}},"9":{"start":{"line":23,"column":14},"end":{"line":23,"column":102}},"10":{"start":{"line":25,"column":29},"end":{"line":25,"column":133}},"11":{"start":{"line":27,"column":12},"end":{"line":27,"column":96}},"12":{"start":{"line":29,"column":23},"end":{"line":29,"column":103}},"13":{"start":{"line":31,"column":14},"end":{"line":31,"column":102}},"14":{"start":{"line":33,"column":11},"end":{"line":33,"column":96}},"15":{"start":{"line":35,"column":19},"end":{"line":35,"column":88}},"16":{"start":{"line":37,"column":13},"end":{"line":37,"column":99}},"17":{"start":{"line":39,"column":23},"end":{"line":39,"column":103}},"18":{"start":{"line":41,"column":20},"end":{"line":41,"column":97}},"19":{"start":{"line":43,"column":12},"end":{"line":43,"column":98}},"20":{"start":{"line":45,"column":14},"end":{"line":45,"column":55}},"21":{"start":{"line":47,"column":16},"end":{"line":47,"column":44}},"22":{"start":{"line":51,"column":54},"end":{"line":51,"column":83}},"23":{"start":{"line":51,"column":85},"end":{"line":51,"column":393}},"24":{"start":{"line":51,"column":140},"end":{"line":51,"column":186}},"25":{"start":{"line":51,"column":188},"end":{"line":51,"column":359}},"26":{"start":{"line":51,"column":208},"end":{"line":51,"column":359}},"27":{"start":{"line":51,"column":282},"end":{"line":51,"column":355}},"28":{"start":{"line":51,"column":360},"end":{"line":51,"column":391}},"29":{"start":{"line":51,"column":394},"end":{"line":51,"column":406}},"30":{"start":{"line":53,"column":33},"end":{"line":53,"column":708}},"31":{"start":{"line":53,"column":46},"end":{"line":53,"column":47}},"32":{"start":{"line":53,"column":91},"end":{"line":53,"column":131}},"33":{"start":{"line":53,"column":133},"end":{"line":53,"column":706}},"34":{"start":{"line":53,"column":162},"end":{"line":53,"column":328}},"35":{"start":{"line":53,"column":265},"end":{"line":53,"column":324}},"36":{"start":{"line":53,"column":336},"end":{"line":53,"column":706}},"37":{"start":{"line":53,"column":381},"end":{"line":53,"column":475}},"38":{"start":{"line":53,"column":501},"end":{"line":53,"column":704}},"39":{"start":{"line":53,"column":598},"end":{"line":53,"column":700}},"40":{"start":{"line":53,"column":709},"end":{"line":53,"column":723}},"41":{"start":{"line":55,"column":10},"end":{"line":55,"column":64}},"42":{"start":{"line":57,"column":19},"end":{"line":57,"column":56}},"43":{"start":{"line":58,"column":15},"end":{"line":80,"column":1}},"44":{"start":{"line":81,"column":30},"end":{"line":87,"column":1}},"45":{"start":{"line":88,"column":11},"end":{"line":88,"column":110}},"46":{"start":{"line":89,"column":15},"end":{"line":91,"column":2}},"47":{"start":{"line":92,"column":12},"end":{"line":94,"column":32}},"48":{"start":{"line":95,"column":19},"end":{"line":97,"column":2}},"49":{"start":{"line":98,"column":15},"end":{"line":98,"column":47}},"50":{"start":{"line":99,"column":22},"end":{"line":99,"column":43}},"51":{"start":{"line":100,"column":23},"end":{"line":100,"column":56}},"52":{"start":{"line":101,"column":11},"end":{"line":101,"column":58}},"53":{"start":{"line":102,"column":16},"end":{"line":102,"column":89}},"54":{"start":{"line":106,"column":0},"end":{"line":830,"column":3}},"55":{"start":{"line":108,"column":4},"end":{"line":108,"column":53}},"56":{"start":{"line":111,"column":2},"end":{"line":828,"column":6}},"57":{"start":{"line":126,"column":6},"end":{"line":168,"column":31}},"58":{"start":{"line":127,"column":8},"end":{"line":167,"column":9}},"59":{"start":{"line":128,"column":10},"end":{"line":166,"column":11}},"60":{"start":{"line":130,"column":14},"end":{"line":135,"column":36}},"61":{"start":{"line":136,"column":14},"end":{"line":136,"column":33}},"62":{"start":{"line":137,"column":14},"end":{"line":137,"column":33}},"63":{"start":{"line":138,"column":14},"end":{"line":147,"column":18}},"64":{"start":{"line":150,"column":14},"end":{"line":150,"column":37}},"65":{"start":{"line":151,"column":14},"end":{"line":151,"column":31}},"66":{"start":{"line":152,"column":14},"end":{"line":152,"column":34}},"67":{"start":{"line":153,"column":14},"end":{"line":153,"column":20}},"68":{"start":{"line":156,"column":14},"end":{"line":156,"column":33}},"69":{"start":{"line":157,"column":14},"end":{"line":157,"column":51}},"70":{"start":{"line":158,"column":14},"end":{"line":158,"column":110}},"71":{"start":{"line":161,"column":14},"end":{"line":161,"column":56}},"72":{"start":{"line":165,"column":14},"end":{"line":165,"column":38}},"73":{"start":{"line":185,"column":6},"end":{"line":225,"column":31}},"74":{"start":{"line":186,"column":8},"end":{"line":224,"column":9}},"75":{"start":{"line":187,"column":10},"end":{"line":223,"column":11}},"76":{"start":{"line":189,"column":14},"end":{"line":192,"column":17}},"77":{"start":{"line":193,"column":14},"end":{"line":193,"column":33}},"78":{"start":{"line":194,"column":14},"end":{"line":194,"column":33}},"79":{"start":{"line":195,"column":14},"end":{"line":204,"column":18}},"80":{"start":{"line":207,"column":14},"end":{"line":207,"column":37}},"81":{"start":{"line":208,"column":14},"end":{"line":208,"column":31}},"82":{"start":{"line":209,"column":14},"end":{"line":209,"column":34}},"83":{"start":{"line":210,"column":14},"end":{"line":210,"column":20}},"84":{"start":{"line":213,"column":14},"end":{"line":213,"column":33}},"85":{"start":{"line":214,"column":14},"end":{"line":214,"column":51}},"86":{"start":{"line":215,"column":14},"end":{"line":215,"column":110}},"87":{"start":{"line":218,"column":14},"end":{"line":218,"column":56}},"88":{"start":{"line":222,"column":14},"end":{"line":222,"column":38}},"89":{"start":{"line":242,"column":6},"end":{"line":280,"column":31}},"90":{"start":{"line":243,"column":8},"end":{"line":279,"column":9}},"91":{"start":{"line":244,"column":10},"end":{"line":278,"column":11}},"92":{"start":{"line":246,"column":14},"end":{"line":252,"column":36}},"93":{"start":{"line":253,"column":14},"end":{"line":253,"column":34}},"94":{"start":{"line":254,"column":14},"end":{"line":254,"column":34}},"95":{"start":{"line":255,"column":14},"end":{"line":259,"column":18}},"96":{"start":{"line":262,"column":14},"end":{"line":262,"column":38}},"97":{"start":{"line":263,"column":14},"end":{"line":263,"column":31}},"98":{"start":{"line":264,"column":14},"end":{"line":264,"column":35}},"99":{"start":{"line":265,"column":14},"end":{"line":265,"column":20}},"100":{"start":{"line":268,"column":14},"end":{"line":268,"column":34}},"101":{"start":{"line":269,"column":14},"end":{"line":269,"column":53}},"102":{"start":{"line":270,"column":14},"end":{"line":270,"column":112}},"103":{"start":{"line":273,"column":14},"end":{"line":273,"column":57}},"104":{"start":{"line":277,"column":14},"end":{"line":277,"column":39}},"105":{"start":{"line":298,"column":6},"end":{"line":345,"column":31}},"106":{"start":{"line":299,"column":8},"end":{"line":344,"column":9}},"107":{"start":{"line":300,"column":10},"end":{"line":343,"column":11}},"108":{"start":{"line":302,"column":14},"end":{"line":308,"column":36}},"109":{"start":{"line":309,"column":14},"end":{"line":309,"column":34}},"110":{"start":{"line":310,"column":14},"end":{"line":310,"column":34}},"111":{"start":{"line":311,"column":14},"end":{"line":315,"column":18}},"112":{"start":{"line":318,"column":14},"end":{"line":318,"column":38}},"113":{"start":{"line":319,"column":14},"end":{"line":319,"column":31}},"114":{"start":{"line":320,"column":14},"end":{"line":320,"column":35}},"115":{"start":{"line":321,"column":14},"end":{"line":321,"column":20}},"116":{"start":{"line":324,"column":14},"end":{"line":324,"column":34}},"117":{"start":{"line":325,"column":14},"end":{"line":325,"column":53}},"118":{"start":{"line":326,"column":14},"end":{"line":334,"column":28}},"119":{"start":{"line":327,"column":16},"end":{"line":331,"column":17}},"120":{"start":{"line":330,"column":18},"end":{"line":330,"column":175}},"121":{"start":{"line":333,"column":16},"end":{"line":333,"column":35}},"122":{"start":{"line":335,"column":14},"end":{"line":335,"column":101}},"123":{"start":{"line":338,"column":14},"end":{"line":338,"column":57}},"124":{"start":{"line":342,"column":14},"end":{"line":342,"column":39}},"125":{"start":{"line":363,"column":6},"end":{"line":410,"column":31}},"126":{"start":{"line":364,"column":8},"end":{"line":409,"column":9}},"127":{"start":{"line":365,"column":10},"end":{"line":408,"column":11}},"128":{"start":{"line":367,"column":14},"end":{"line":370,"column":66}},"129":{"start":{"line":371,"column":14},"end":{"line":371,"column":34}},"130":{"start":{"line":372,"column":14},"end":{"line":372,"column":34}},"131":{"start":{"line":373,"column":14},"end":{"line":376,"column":18}},"132":{"start":{"line":379,"column":14},"end":{"line":379,"column":38}},"133":{"start":{"line":380,"column":14},"end":{"line":380,"column":32}},"134":{"start":{"line":381,"column":14},"end":{"line":381,"column":35}},"135":{"start":{"line":382,"column":14},"end":{"line":382,"column":20}},"136":{"start":{"line":385,"column":14},"end":{"line":385,"column":34}},"137":{"start":{"line":386,"column":14},"end":{"line":386,"column":53}},"138":{"start":{"line":387,"column":14},"end":{"line":399,"column":27}},"139":{"start":{"line":390,"column":16},"end":{"line":390,"column":213}},"140":{"start":{"line":400,"column":14},"end":{"line":400,"column":101}},"141":{"start":{"line":403,"column":14},"end":{"line":403,"column":57}},"142":{"start":{"line":407,"column":14},"end":{"line":407,"column":39}},"143":{"start":{"line":428,"column":6},"end":{"line":475,"column":31}},"144":{"start":{"line":429,"column":8},"end":{"line":474,"column":9}},"145":{"start":{"line":430,"column":10},"end":{"line":473,"column":11}},"146":{"start":{"line":432,"column":14},"end":{"line":436,"column":36}},"147":{"start":{"line":437,"column":14},"end":{"line":437,"column":34}},"148":{"start":{"line":438,"column":14},"end":{"line":438,"column":34}},"149":{"start":{"line":439,"column":14},"end":{"line":443,"column":18}},"150":{"start":{"line":446,"column":14},"end":{"line":446,"column":38}},"151":{"start":{"line":447,"column":14},"end":{"line":447,"column":31}},"152":{"start":{"line":448,"column":14},"end":{"line":448,"column":35}},"153":{"start":{"line":449,"column":14},"end":{"line":449,"column":20}},"154":{"start":{"line":452,"column":14},"end":{"line":452,"column":34}},"155":{"start":{"line":453,"column":14},"end":{"line":453,"column":53}},"156":{"start":{"line":454,"column":14},"end":{"line":454,"column":30}},"157":{"start":{"line":455,"column":14},"end":{"line":455,"column":34}},"158":{"start":{"line":456,"column":14},"end":{"line":464,"column":28}},"159":{"start":{"line":457,"column":16},"end":{"line":461,"column":17}},"160":{"start":{"line":458,"column":18},"end":{"line":458,"column":33}},"161":{"start":{"line":459,"column":18},"end":{"line":459,"column":90}},"162":{"start":{"line":460,"column":18},"end":{"line":460,"column":40}},"163":{"start":{"line":463,"column":16},"end":{"line":463,"column":35}},"164":{"start":{"line":465,"column":14},"end":{"line":465,"column":167}},"165":{"start":{"line":468,"column":14},"end":{"line":468,"column":57}},"166":{"start":{"line":472,"column":14},"end":{"line":472,"column":39}},"167":{"start":{"line":492,"column":6},"end":{"line":530,"column":31}},"168":{"start":{"line":493,"column":8},"end":{"line":529,"column":9}},"169":{"start":{"line":494,"column":10},"end":{"line":528,"column":11}},"170":{"start":{"line":496,"column":14},"end":{"line":500,"column":36}},"171":{"start":{"line":501,"column":14},"end":{"line":501,"column":34}},"172":{"start":{"line":502,"column":14},"end":{"line":502,"column":34}},"173":{"start":{"line":503,"column":14},"end":{"line":507,"column":18}},"174":{"start":{"line":510,"column":14},"end":{"line":510,"column":38}},"175":{"start":{"line":511,"column":14},"end":{"line":513,"column":16}},"176":{"start":{"line":514,"column":14},"end":{"line":514,"column":35}},"177":{"start":{"line":515,"column":14},"end":{"line":515,"column":20}},"178":{"start":{"line":518,"column":14},"end":{"line":518,"column":34}},"179":{"start":{"line":519,"column":14},"end":{"line":519,"column":53}},"180":{"start":{"line":520,"column":14},"end":{"line":520,"column":112}},"181":{"start":{"line":523,"column":14},"end":{"line":523,"column":57}},"182":{"start":{"line":527,"column":14},"end":{"line":527,"column":39}},"183":{"start":{"line":548,"column":6},"end":{"line":597,"column":31}},"184":{"start":{"line":549,"column":8},"end":{"line":596,"column":9}},"185":{"start":{"line":550,"column":10},"end":{"line":595,"column":11}},"186":{"start":{"line":552,"column":14},"end":{"line":557,"column":36}},"187":{"start":{"line":558,"column":14},"end":{"line":558,"column":34}},"188":{"start":{"line":559,"column":14},"end":{"line":559,"column":34}},"189":{"start":{"line":560,"column":14},"end":{"line":564,"column":18}},"190":{"start":{"line":567,"column":14},"end":{"line":567,"column":38}},"191":{"start":{"line":568,"column":14},"end":{"line":568,"column":31}},"192":{"start":{"line":569,"column":14},"end":{"line":569,"column":35}},"193":{"start":{"line":570,"column":14},"end":{"line":570,"column":20}},"194":{"start":{"line":573,"column":14},"end":{"line":573,"column":34}},"195":{"start":{"line":574,"column":14},"end":{"line":574,"column":53}},"196":{"start":{"line":575,"column":14},"end":{"line":575,"column":32}},"197":{"start":{"line":576,"column":14},"end":{"line":586,"column":28}},"198":{"start":{"line":577,"column":16},"end":{"line":579,"column":17}},"199":{"start":{"line":578,"column":18},"end":{"line":578,"column":35}},"200":{"start":{"line":581,"column":16},"end":{"line":583,"column":17}},"201":{"start":{"line":582,"column":18},"end":{"line":582,"column":204}},"202":{"start":{"line":585,"column":16},"end":{"line":585,"column":35}},"203":{"start":{"line":587,"column":14},"end":{"line":587,"column":165}},"204":{"start":{"line":590,"column":14},"end":{"line":590,"column":57}},"205":{"start":{"line":594,"column":14},"end":{"line":594,"column":39}},"206":{"start":{"line":615,"column":6},"end":{"line":667,"column":31}},"207":{"start":{"line":616,"column":8},"end":{"line":666,"column":9}},"208":{"start":{"line":617,"column":10},"end":{"line":665,"column":11}},"209":{"start":{"line":619,"column":14},"end":{"line":625,"column":36}},"210":{"start":{"line":626,"column":14},"end":{"line":626,"column":34}},"211":{"start":{"line":627,"column":14},"end":{"line":627,"column":34}},"212":{"start":{"line":628,"column":14},"end":{"line":632,"column":18}},"213":{"start":{"line":635,"column":14},"end":{"line":635,"column":38}},"214":{"start":{"line":636,"column":14},"end":{"line":638,"column":16}},"215":{"start":{"line":639,"column":14},"end":{"line":639,"column":35}},"216":{"start":{"line":640,"column":14},"end":{"line":640,"column":20}},"217":{"start":{"line":643,"column":14},"end":{"line":643,"column":34}},"218":{"start":{"line":644,"column":14},"end":{"line":644,"column":53}},"219":{"start":{"line":645,"column":14},"end":{"line":645,"column":32}},"220":{"start":{"line":646,"column":14},"end":{"line":656,"column":28}},"221":{"start":{"line":647,"column":16},"end":{"line":649,"column":17}},"222":{"start":{"line":648,"column":18},"end":{"line":648,"column":35}},"223":{"start":{"line":651,"column":16},"end":{"line":653,"column":17}},"224":{"start":{"line":652,"column":18},"end":{"line":652,"column":204}},"225":{"start":{"line":655,"column":16},"end":{"line":655,"column":35}},"226":{"start":{"line":657,"column":14},"end":{"line":657,"column":165}},"227":{"start":{"line":660,"column":14},"end":{"line":660,"column":57}},"228":{"start":{"line":664,"column":14},"end":{"line":664,"column":39}},"229":{"start":{"line":684,"column":6},"end":{"line":720,"column":31}},"230":{"start":{"line":685,"column":8},"end":{"line":719,"column":9}},"231":{"start":{"line":686,"column":10},"end":{"line":718,"column":11}},"232":{"start":{"line":688,"column":14},"end":{"line":690,"column":36}},"233":{"start":{"line":691,"column":14},"end":{"line":691,"column":34}},"234":{"start":{"line":692,"column":14},"end":{"line":692,"column":34}},"235":{"start":{"line":693,"column":14},"end":{"line":697,"column":18}},"236":{"start":{"line":700,"column":14},"end":{"line":700,"column":38}},"237":{"start":{"line":701,"column":14},"end":{"line":703,"column":16}},"238":{"start":{"line":704,"column":14},"end":{"line":704,"column":35}},"239":{"start":{"line":705,"column":14},"end":{"line":705,"column":20}},"240":{"start":{"line":708,"column":14},"end":{"line":708,"column":34}},"241":{"start":{"line":709,"column":14},"end":{"line":709,"column":53}},"242":{"start":{"line":710,"column":14},"end":{"line":710,"column":112}},"243":{"start":{"line":713,"column":14},"end":{"line":713,"column":57}},"244":{"start":{"line":717,"column":14},"end":{"line":717,"column":39}},"245":{"start":{"line":737,"column":6},"end":{"line":773,"column":31}},"246":{"start":{"line":738,"column":8},"end":{"line":772,"column":9}},"247":{"start":{"line":739,"column":10},"end":{"line":771,"column":11}},"248":{"start":{"line":741,"column":14},"end":{"line":743,"column":36}},"249":{"start":{"line":744,"column":14},"end":{"line":744,"column":34}},"250":{"start":{"line":745,"column":14},"end":{"line":745,"column":34}},"251":{"start":{"line":746,"column":14},"end":{"line":750,"column":18}},"252":{"start":{"line":753,"column":14},"end":{"line":753,"column":38}},"253":{"start":{"line":754,"column":14},"end":{"line":756,"column":16}},"254":{"start":{"line":757,"column":14},"end":{"line":757,"column":35}},"255":{"start":{"line":758,"column":14},"end":{"line":758,"column":20}},"256":{"start":{"line":761,"column":14},"end":{"line":761,"column":34}},"257":{"start":{"line":762,"column":14},"end":{"line":762,"column":53}},"258":{"start":{"line":763,"column":14},"end":{"line":763,"column":112}},"259":{"start":{"line":766,"column":14},"end":{"line":766,"column":57}},"260":{"start":{"line":770,"column":14},"end":{"line":770,"column":39}},"261":{"start":{"line":790,"column":6},"end":{"line":826,"column":31}},"262":{"start":{"line":791,"column":8},"end":{"line":825,"column":9}},"263":{"start":{"line":792,"column":10},"end":{"line":824,"column":11}},"264":{"start":{"line":794,"column":14},"end":{"line":796,"column":36}},"265":{"start":{"line":797,"column":14},"end":{"line":797,"column":34}},"266":{"start":{"line":798,"column":14},"end":{"line":798,"column":34}},"267":{"start":{"line":799,"column":14},"end":{"line":803,"column":18}},"268":{"start":{"line":806,"column":14},"end":{"line":806,"column":38}},"269":{"start":{"line":807,"column":14},"end":{"line":809,"column":16}},"270":{"start":{"line":810,"column":14},"end":{"line":810,"column":35}},"271":{"start":{"line":811,"column":14},"end":{"line":811,"column":20}},"272":{"start":{"line":814,"column":14},"end":{"line":814,"column":34}},"273":{"start":{"line":815,"column":14},"end":{"line":815,"column":53}},"274":{"start":{"line":816,"column":14},"end":{"line":816,"column":112}},"275":{"start":{"line":819,"column":14},"end":{"line":819,"column":57}},"276":{"start":{"line":823,"column":14},"end":{"line":823,"column":39}},"277":{"start":{"line":829,"column":2},"end":{"line":829,"column":18}},"278":{"start":{"line":832,"column":15},"end":{"line":832,"column":23}},"279":{"start":{"line":833,"column":0},"end":{"line":833,"column":30}}},"fnMap":{"0":{"name":"ownKeys","decl":{"start":{"line":51,"column":9},"end":{"line":51,"column":16}},"loc":{"start":{"line":51,"column":41},"end":{"line":51,"column":408}},"line":51},"1":{"name":"(anonymous_1)","decl":{"start":{"line":51,"column":265},"end":{"line":51,"column":266}},"loc":{"start":{"line":51,"column":280},"end":{"line":51,"column":357}},"line":51},"2":{"name":"_objectSpread","decl":{"start":{"line":53,"column":9},"end":{"line":53,"column":22}},"loc":{"start":{"line":53,"column":31},"end":{"line":53,"column":725}},"line":53},"3":{"name":"(anonymous_3)","decl":{"start":{"line":53,"column":248},"end":{"line":53,"column":249}},"loc":{"start":{"line":53,"column":263},"end":{"line":53,"column":326}},"line":53},"4":{"name":"(anonymous_4)","decl":{"start":{"line":53,"column":581},"end":{"line":53,"column":582}},"loc":{"start":{"line":53,"column":596},"end":{"line":53,"column":702}},"line":53},"5":{"name":"(anonymous_5)","decl":{"start":{"line":106,"column":0},"end":{"line":106,"column":1}},"loc":{"start":{"line":106,"column":12},"end":{"line":830,"column":1}},"line":106},"6":{"name":"Validate","decl":{"start":{"line":107,"column":11},"end":{"line":107,"column":19}},"loc":{"start":{"line":107,"column":22},"end":{"line":109,"column":3}},"line":107},"7":{"name":"validateSignup","decl":{"start":{"line":122,"column":20},"end":{"line":122,"column":34}},"loc":{"start":{"line":122,"column":51},"end":{"line":169,"column":5}},"line":122},"8":{"name":"validateSignup$","decl":{"start":{"line":126,"column":52},"end":{"line":126,"column":67}},"loc":{"start":{"line":126,"column":79},"end":{"line":168,"column":7}},"line":126},"9":{"name":"validateSignin","decl":{"start":{"line":181,"column":20},"end":{"line":181,"column":34}},"loc":{"start":{"line":181,"column":51},"end":{"line":226,"column":5}},"line":181},"10":{"name":"validateSignin$","decl":{"start":{"line":185,"column":52},"end":{"line":185,"column":67}},"loc":{"start":{"line":185,"column":79},"end":{"line":225,"column":7}},"line":185},"11":{"name":"addBusValidator","decl":{"start":{"line":238,"column":20},"end":{"line":238,"column":35}},"loc":{"start":{"line":238,"column":52},"end":{"line":281,"column":5}},"line":238},"12":{"name":"addBusValidator$","decl":{"start":{"line":242,"column":52},"end":{"line":242,"column":68}},"loc":{"start":{"line":242,"column":81},"end":{"line":280,"column":7}},"line":242},"13":{"name":"addTripValidator","decl":{"start":{"line":293,"column":20},"end":{"line":293,"column":36}},"loc":{"start":{"line":293,"column":53},"end":{"line":346,"column":5}},"line":293},"14":{"name":"addTripValidator$","decl":{"start":{"line":298,"column":52},"end":{"line":298,"column":69}},"loc":{"start":{"line":298,"column":82},"end":{"line":345,"column":7}},"line":298},"15":{"name":"(anonymous_15)","decl":{"start":{"line":326,"column":101},"end":{"line":326,"column":102}},"loc":{"start":{"line":326,"column":116},"end":{"line":334,"column":15}},"line":326},"16":{"name":"addAllTripsValidator","decl":{"start":{"line":358,"column":20},"end":{"line":358,"column":40}},"loc":{"start":{"line":358,"column":57},"end":{"line":411,"column":5}},"line":358},"17":{"name":"addAllTripsValidator$","decl":{"start":{"line":363,"column":52},"end":{"line":363,"column":73}},"loc":{"start":{"line":363,"column":86},"end":{"line":410,"column":7}},"line":363},"18":{"name":"(anonymous_18)","decl":{"start":{"line":387,"column":101},"end":{"line":387,"column":102}},"loc":{"start":{"line":387,"column":116},"end":{"line":391,"column":15}},"line":387},"19":{"name":"addBookingValidator","decl":{"start":{"line":423,"column":20},"end":{"line":423,"column":39}},"loc":{"start":{"line":423,"column":56},"end":{"line":476,"column":5}},"line":423},"20":{"name":"addBookingValidator$","decl":{"start":{"line":428,"column":52},"end":{"line":428,"column":72}},"loc":{"start":{"line":428,"column":85},"end":{"line":475,"column":7}},"line":428},"21":{"name":"(anonymous_21)","decl":{"start":{"line":456,"column":101},"end":{"line":456,"column":102}},"loc":{"start":{"line":456,"column":116},"end":{"line":464,"column":15}},"line":456},"22":{"name":"cancelTripValidator","decl":{"start":{"line":488,"column":20},"end":{"line":488,"column":39}},"loc":{"start":{"line":488,"column":56},"end":{"line":531,"column":5}},"line":488},"23":{"name":"cancelTripValidator$","decl":{"start":{"line":492,"column":52},"end":{"line":492,"column":72}},"loc":{"start":{"line":492,"column":85},"end":{"line":530,"column":7}},"line":492},"24":{"name":"getBookingsValidator","decl":{"start":{"line":543,"column":20},"end":{"line":543,"column":40}},"loc":{"start":{"line":543,"column":57},"end":{"line":598,"column":5}},"line":543},"25":{"name":"getBookingsValidator$","decl":{"start":{"line":548,"column":52},"end":{"line":548,"column":73}},"loc":{"start":{"line":548,"column":86},"end":{"line":597,"column":7}},"line":548},"26":{"name":"(anonymous_26)","decl":{"start":{"line":576,"column":101},"end":{"line":576,"column":102}},"loc":{"start":{"line":576,"column":116},"end":{"line":586,"column":15}},"line":576},"27":{"name":"deleteBookingValidator","decl":{"start":{"line":610,"column":20},"end":{"line":610,"column":42}},"loc":{"start":{"line":610,"column":59},"end":{"line":668,"column":5}},"line":610},"28":{"name":"deleteBookingValidator$","decl":{"start":{"line":615,"column":52},"end":{"line":615,"column":75}},"loc":{"start":{"line":615,"column":88},"end":{"line":667,"column":7}},"line":615},"29":{"name":"(anonymous_29)","decl":{"start":{"line":646,"column":101},"end":{"line":646,"column":102}},"loc":{"start":{"line":646,"column":116},"end":{"line":656,"column":15}},"line":646},"30":{"name":"getABusValidator","decl":{"start":{"line":680,"column":20},"end":{"line":680,"column":36}},"loc":{"start":{"line":680,"column":53},"end":{"line":721,"column":5}},"line":680},"31":{"name":"getABusValidator$","decl":{"start":{"line":684,"column":52},"end":{"line":684,"column":69}},"loc":{"start":{"line":684,"column":82},"end":{"line":720,"column":7}},"line":684},"32":{"name":"getTripValidator","decl":{"start":{"line":733,"column":20},"end":{"line":733,"column":36}},"loc":{"start":{"line":733,"column":53},"end":{"line":774,"column":5}},"line":733},"33":{"name":"getTripValidator$","decl":{"start":{"line":737,"column":52},"end":{"line":737,"column":69}},"loc":{"start":{"line":737,"column":82},"end":{"line":773,"column":7}},"line":737},"34":{"name":"getBookingValidator","decl":{"start":{"line":786,"column":20},"end":{"line":786,"column":39}},"loc":{"start":{"line":786,"column":56},"end":{"line":827,"column":5}},"line":786},"35":{"name":"getBookingValidator$","decl":{"start":{"line":790,"column":52},"end":{"line":790,"column":72}},"loc":{"start":{"line":790,"column":85},"end":{"line":826,"column":7}},"line":790}},"branchMap":{"0":{"loc":{"start":{"line":51,"column":85},"end":{"line":51,"column":393}},"type":"if","locations":[{"start":{"line":51,"column":85},"end":{"line":51,"column":393}},{"start":{"line":51,"column":85},"end":{"line":51,"column":393}}],"line":51},"1":{"loc":{"start":{"line":51,"column":188},"end":{"line":51,"column":359}},"type":"if","locations":[{"start":{"line":51,"column":188},"end":{"line":51,"column":359}},{"start":{"line":51,"column":188},"end":{"line":51,"column":359}}],"line":51},"2":{"loc":{"start":{"line":53,"column":91},"end":{"line":53,"column":131}},"type":"cond-expr","locations":[{"start":{"line":53,"column":114},"end":{"line":53,"column":126}},{"start":{"line":53,"column":129},"end":{"line":53,"column":131}}],"line":53},"3":{"loc":{"start":{"line":53,"column":133},"end":{"line":53,"column":706}},"type":"if","locations":[{"start":{"line":53,"column":133},"end":{"line":53,"column":706}},{"start":{"line":53,"column":133},"end":{"line":53,"column":706}}],"line":53},"4":{"loc":{"start":{"line":53,"column":336},"end":{"line":53,"column":706}},"type":"if","locations":[{"start":{"line":53,"column":336},"end":{"line":53,"column":706}},{"start":{"line":53,"column":336},"end":{"line":53,"column":706}}],"line":53},"5":{"loc":{"start":{"line":128,"column":10},"end":{"line":166,"column":11}},"type":"switch","locations":[{"start":{"line":129,"column":12},"end":{"line":147,"column":18}},{"start":{"line":149,"column":12},"end":{"line":153,"column":20}},{"start":{"line":155,"column":12},"end":{"line":158,"column":110}},{"start":{"line":160,"column":12},"end":{"line":161,"column":56}},{"start":{"line":163,"column":12},"end":{"line":163,"column":20}},{"start":{"line":164,"column":12},"end":{"line":165,"column":38}}],"line":128},"6":{"loc":{"start":{"line":187,"column":10},"end":{"line":223,"column":11}},"type":"switch","locations":[{"start":{"line":188,"column":12},"end":{"line":204,"column":18}},{"start":{"line":206,"column":12},"end":{"line":210,"column":20}},{"start":{"line":212,"column":12},"end":{"line":215,"column":110}},{"start":{"line":217,"column":12},"end":{"line":218,"column":56}},{"start":{"line":220,"column":12},"end":{"line":220,"column":20}},{"start":{"line":221,"column":12},"end":{"line":222,"column":38}}],"line":187},"7":{"loc":{"start":{"line":244,"column":10},"end":{"line":278,"column":11}},"type":"switch","locations":[{"start":{"line":245,"column":12},"end":{"line":259,"column":18}},{"start":{"line":261,"column":12},"end":{"line":265,"column":20}},{"start":{"line":267,"column":12},"end":{"line":270,"column":112}},{"start":{"line":272,"column":12},"end":{"line":273,"column":57}},{"start":{"line":275,"column":12},"end":{"line":275,"column":20}},{"start":{"line":276,"column":12},"end":{"line":277,"column":39}}],"line":244},"8":{"loc":{"start":{"line":300,"column":10},"end":{"line":343,"column":11}},"type":"switch","locations":[{"start":{"line":301,"column":12},"end":{"line":315,"column":18}},{"start":{"line":317,"column":12},"end":{"line":321,"column":20}},{"start":{"line":323,"column":12},"end":{"line":335,"column":101}},{"start":{"line":337,"column":12},"end":{"line":338,"column":57}},{"start":{"line":340,"column":12},"end":{"line":340,"column":20}},{"start":{"line":341,"column":12},"end":{"line":342,"column":39}}],"line":300},"9":{"loc":{"start":{"line":327,"column":16},"end":{"line":331,"column":17}},"type":"if","locations":[{"start":{"line":327,"column":16},"end":{"line":331,"column":17}},{"start":{"line":327,"column":16},"end":{"line":331,"column":17}}],"line":327},"10":{"loc":{"start":{"line":365,"column":10},"end":{"line":408,"column":11}},"type":"switch","locations":[{"start":{"line":366,"column":12},"end":{"line":376,"column":18}},{"start":{"line":378,"column":12},"end":{"line":382,"column":20}},{"start":{"line":384,"column":12},"end":{"line":400,"column":101}},{"start":{"line":402,"column":12},"end":{"line":403,"column":57}},{"start":{"line":405,"column":12},"end":{"line":405,"column":20}},{"start":{"line":406,"column":12},"end":{"line":407,"column":39}}],"line":365},"11":{"loc":{"start":{"line":390,"column":23},"end":{"line":390,"column":212}},"type":"cond-expr","locations":[{"start":{"line":390,"column":52},"end":{"line":390,"column":198}},{"start":{"line":390,"column":201},"end":{"line":390,"column":212}}],"line":390},"12":{"loc":{"start":{"line":430,"column":10},"end":{"line":473,"column":11}},"type":"switch","locations":[{"start":{"line":431,"column":12},"end":{"line":443,"column":18}},{"start":{"line":445,"column":12},"end":{"line":449,"column":20}},{"start":{"line":451,"column":12},"end":{"line":465,"column":167}},{"start":{"line":467,"column":12},"end":{"line":468,"column":57}},{"start":{"line":470,"column":12},"end":{"line":470,"column":20}},{"start":{"line":471,"column":12},"end":{"line":472,"column":39}}],"line":430},"13":{"loc":{"start":{"line":457,"column":16},"end":{"line":461,"column":17}},"type":"if","locations":[{"start":{"line":457,"column":16},"end":{"line":461,"column":17}},{"start":{"line":457,"column":16},"end":{"line":461,"column":17}}],"line":457},"14":{"loc":{"start":{"line":465,"column":49},"end":{"line":465,"column":165}},"type":"cond-expr","locations":[{"start":{"line":465,"column":59},"end":{"line":465,"column":112}},{"start":{"line":465,"column":115},"end":{"line":465,"column":165}}],"line":465},"15":{"loc":{"start":{"line":494,"column":10},"end":{"line":528,"column":11}},"type":"switch","locations":[{"start":{"line":495,"column":12},"end":{"line":507,"column":18}},{"start":{"line":509,"column":12},"end":{"line":515,"column":20}},{"start":{"line":517,"column":12},"end":{"line":520,"column":112}},{"start":{"line":522,"column":12},"end":{"line":523,"column":57}},{"start":{"line":525,"column":12},"end":{"line":525,"column":20}},{"start":{"line":526,"column":12},"end":{"line":527,"column":39}}],"line":494},"16":{"loc":{"start":{"line":550,"column":10},"end":{"line":595,"column":11}},"type":"switch","locations":[{"start":{"line":551,"column":12},"end":{"line":564,"column":18}},{"start":{"line":566,"column":12},"end":{"line":570,"column":20}},{"start":{"line":572,"column":12},"end":{"line":587,"column":165}},{"start":{"line":589,"column":12},"end":{"line":590,"column":57}},{"start":{"line":592,"column":12},"end":{"line":592,"column":20}},{"start":{"line":593,"column":12},"end":{"line":594,"column":39}}],"line":550},"17":{"loc":{"start":{"line":577,"column":16},"end":{"line":579,"column":17}},"type":"if","locations":[{"start":{"line":577,"column":16},"end":{"line":579,"column":17}},{"start":{"line":577,"column":16},"end":{"line":579,"column":17}}],"line":577},"18":{"loc":{"start":{"line":577,"column":20},"end":{"line":577,"column":76}},"type":"binary-expr","locations":[{"start":{"line":577,"column":20},"end":{"line":577,"column":43}},{"start":{"line":577,"column":47},"end":{"line":577,"column":76}}],"line":577},"19":{"loc":{"start":{"line":581,"column":16},"end":{"line":583,"column":17}},"type":"if","locations":[{"start":{"line":581,"column":16},"end":{"line":583,"column":17}},{"start":{"line":581,"column":16},"end":{"line":583,"column":17}}],"line":581},"20":{"loc":{"start":{"line":581,"column":20},"end":{"line":581,"column":77}},"type":"binary-expr","locations":[{"start":{"line":581,"column":20},"end":{"line":581,"column":43}},{"start":{"line":581,"column":47},"end":{"line":581,"column":77}}],"line":581},"21":{"loc":{"start":{"line":582,"column":25},"end":{"line":582,"column":203}},"type":"cond-expr","locations":[{"start":{"line":582,"column":55},"end":{"line":582,"column":130}},{"start":{"line":582,"column":133},"end":{"line":582,"column":203}}],"line":582},"22":{"loc":{"start":{"line":587,"column":49},"end":{"line":587,"column":163}},"type":"cond-expr","locations":[{"start":{"line":587,"column":61},"end":{"line":587,"column":110}},{"start":{"line":587,"column":113},"end":{"line":587,"column":163}}],"line":587},"23":{"loc":{"start":{"line":617,"column":10},"end":{"line":665,"column":11}},"type":"switch","locations":[{"start":{"line":618,"column":12},"end":{"line":632,"column":18}},{"start":{"line":634,"column":12},"end":{"line":640,"column":20}},{"start":{"line":642,"column":12},"end":{"line":657,"column":165}},{"start":{"line":659,"column":12},"end":{"line":660,"column":57}},{"start":{"line":662,"column":12},"end":{"line":662,"column":20}},{"start":{"line":663,"column":12},"end":{"line":664,"column":39}}],"line":617},"24":{"loc":{"start":{"line":647,"column":16},"end":{"line":649,"column":17}},"type":"if","locations":[{"start":{"line":647,"column":16},"end":{"line":649,"column":17}},{"start":{"line":647,"column":16},"end":{"line":649,"column":17}}],"line":647},"25":{"loc":{"start":{"line":647,"column":20},"end":{"line":647,"column":76}},"type":"binary-expr","locations":[{"start":{"line":647,"column":20},"end":{"line":647,"column":43}},{"start":{"line":647,"column":47},"end":{"line":647,"column":76}}],"line":647},"26":{"loc":{"start":{"line":651,"column":16},"end":{"line":653,"column":17}},"type":"if","locations":[{"start":{"line":651,"column":16},"end":{"line":653,"column":17}},{"start":{"line":651,"column":16},"end":{"line":653,"column":17}}],"line":651},"27":{"loc":{"start":{"line":651,"column":20},"end":{"line":651,"column":77}},"type":"binary-expr","locations":[{"start":{"line":651,"column":20},"end":{"line":651,"column":43}},{"start":{"line":651,"column":47},"end":{"line":651,"column":77}}],"line":651},"28":{"loc":{"start":{"line":652,"column":25},"end":{"line":652,"column":203}},"type":"cond-expr","locations":[{"start":{"line":652,"column":55},"end":{"line":652,"column":130}},{"start":{"line":652,"column":133},"end":{"line":652,"column":203}}],"line":652},"29":{"loc":{"start":{"line":657,"column":49},"end":{"line":657,"column":163}},"type":"cond-expr","locations":[{"start":{"line":657,"column":61},"end":{"line":657,"column":110}},{"start":{"line":657,"column":113},"end":{"line":657,"column":163}}],"line":657},"30":{"loc":{"start":{"line":686,"column":10},"end":{"line":718,"column":11}},"type":"switch","locations":[{"start":{"line":687,"column":12},"end":{"line":697,"column":18}},{"start":{"line":699,"column":12},"end":{"line":705,"column":20}},{"start":{"line":707,"column":12},"end":{"line":710,"column":112}},{"start":{"line":712,"column":12},"end":{"line":713,"column":57}},{"start":{"line":715,"column":12},"end":{"line":715,"column":20}},{"start":{"line":716,"column":12},"end":{"line":717,"column":39}}],"line":686},"31":{"loc":{"start":{"line":739,"column":10},"end":{"line":771,"column":11}},"type":"switch","locations":[{"start":{"line":740,"column":12},"end":{"line":750,"column":18}},{"start":{"line":752,"column":12},"end":{"line":758,"column":20}},{"start":{"line":760,"column":12},"end":{"line":763,"column":112}},{"start":{"line":765,"column":12},"end":{"line":766,"column":57}},{"start":{"line":768,"column":12},"end":{"line":768,"column":20}},{"start":{"line":769,"column":12},"end":{"line":770,"column":39}}],"line":739},"32":{"loc":{"start":{"line":792,"column":10},"end":{"line":824,"column":11}},"type":"switch","locations":[{"start":{"line":793,"column":12},"end":{"line":803,"column":18}},{"start":{"line":805,"column":12},"end":{"line":811,"column":20}},{"start":{"line":813,"column":12},"end":{"line":816,"column":112}},{"start":{"line":818,"column":12},"end":{"line":819,"column":57}},{"start":{"line":821,"column":12},"end":{"line":821,"column":20}},{"start":{"line":822,"column":12},"end":{"line":823,"column":39}}],"line":792}},"s":{"0":1,"1":1,"2":1,"3":1,"4":1,"5":1,"6":1,"7":1,"8":1,"9":1,"10":1,"11":1,"12":1,"13":1,"14":1,"15":1,"16":1,"17":1,"18":1,"19":1,"20":1,"21":1,"22":29,"23":29,"24":29,"25":29,"26":29,"27":0,"28":29,"29":29,"30":19,"31":19,"32":48,"33":48,"34":29,"35":201,"36":19,"37":19,"38":0,"39":0,"40":19,"41":1,"42":1,"43":1,"44":1,"45":1,"46":1,"47":1,"48":1,"49":1,"50":1,"51":1,"52":1,"53":1,"54":1,"55":0,"56":1,"57":8,"58":24,"59":26,"60":8,"61":8,"62":8,"63":8,"64":2,"65":2,"66":2,"67":2,"68":6,"69":6,"70":6,"71":2,"72":8,"73":12,"74":36,"75":45,"76":12,"77":12,"78":12,"79":12,"80":9,"81":9,"82":9,"83":9,"84":3,"85":3,"86":3,"87":9,"88":12,"89":13,"90":39,"91":49,"92":13,"93":13,"94":13,"95":13,"96":10,"97":10,"98":10,"99":10,"100":3,"101":3,"102":3,"103":10,"104":13,"105":12,"106":36,"107":44,"108":12,"109":12,"110":12,"111":12,"112":8,"113":8,"114":8,"115":8,"116":4,"117":4,"118":4,"119":4,"120":1,"121":3,"122":4,"123":8,"124":12,"125":5,"126":15,"127":18,"128":5,"129":5,"130":5,"131":5,"132":3,"133":3,"134":3,"135":3,"136":2,"137":2,"138":2,"139":2,"140":2,"141":3,"142":5,"143":10,"144":30,"145":38,"146":10,"147":10,"148":10,"149":10,"150":8,"151":8,"152":8,"153":8,"154":2,"155":2,"156":2,"157":2,"158":2,"159":2,"160":1,"161":1,"162":1,"163":1,"164":2,"165":8,"166":10,"167":5,"168":15,"169":19,"170":5,"171":5,"172":5,"173":5,"174":4,"175":4,"176":4,"177":4,"178":1,"179":1,"180":1,"181":4,"182":5,"183":4,"184":12,"185":14,"186":4,"187":4,"188":4,"189":4,"190":2,"191":2,"192":2,"193":2,"194":2,"195":2,"196":2,"197":2,"198":2,"199":1,"200":2,"201":1,"202":1,"203":2,"204":2,"205":4,"206":5,"207":15,"208":18,"209":5,"210":5,"211":5,"212":5,"213":3,"214":3,"215":3,"216":3,"217":2,"218":2,"219":2,"220":2,"221":2,"222":1,"223":2,"224":0,"225":2,"226":2,"227":3,"228":5,"229":3,"230":9,"231":11,"232":3,"233":3,"234":3,"235":3,"236":2,"237":2,"238":2,"239":2,"240":1,"241":1,"242":1,"243":2,"244":3,"245":3,"246":9,"247":11,"248":3,"249":3,"250":3,"251":3,"252":2,"253":2,"254":2,"255":2,"256":1,"257":1,"258":1,"259":2,"260":3,"261":3,"262":9,"263":11,"264":3,"265":3,"266":3,"267":3,"268":2,"269":2,"270":2,"271":2,"272":1,"273":1,"274":1,"275":2,"276":3,"277":1,"278":1,"279":1},"f":{"0":29,"1":0,"2":19,"3":201,"4":0,"5":1,"6":0,"7":8,"8":24,"9":12,"10":36,"11":13,"12":39,"13":12,"14":36,"15":4,"16":5,"17":15,"18":2,"19":10,"20":30,"21":2,"22":5,"23":15,"24":4,"25":12,"26":2,"27":5,"28":15,"29":2,"30":3,"31":9,"32":3,"33":9,"34":3,"35":9},"b":{"0":[29,0],"1":[29,0],"2":[48,0],"3":[29,19],"4":[19,0],"5":[8,2,6,2,0,8],"6":[12,9,3,9,0,12],"7":[13,10,3,10,0,13],"8":[12,8,4,8,0,12],"9":[1,3],"10":[5,3,2,3,0,5],"11":[1,1],"12":[10,8,2,8,0,10],"13":[1,1],"14":[1,1],"15":[5,4,1,4,0,5],"16":[4,2,2,2,0,4],"17":[1,1],"18":[2,2],"19":[1,1],"20":[2,2],"21":[0,1],"22":[1,1],"23":[5,3,2,3,0,5],"24":[1,1],"25":[2,1],"26":[0,2],"27":[2,1],"28":[0,0],"29":[1,1],"30":[3,2,1,2,0,3],"31":[3,2,1,2,0,3],"32":[3,2,1,2,0,3]},"_coverageSchema":"43e27e138ebf9cfc5966b082cf9a028302ed4184","hash":"31317606f2dd46d11910efd5b100836d54f11908","contentHash":"31ef85388bedb000a5d225cb60f8fe4870dd63dc2d182d50ab09300e252c4941"},"C:\\Users\\wilfr\\Desktop\\bootCamp React\\wayfarer\\app\\src\\utils\\response.js":{"path":"C:\\Users\\wilfr\\Desktop\\bootCamp React\\wayfarer\\app\\src\\utils\\response.js","statementMap":{"0":{"start":{"line":3,"column":29},"end":{"line":3,"column":100}},"1":{"start":{"line":5,"column":0},"end":{"line":7,"column":3}},"2":{"start":{"line":9,"column":0},"end":{"line":9,"column":202}},"3":{"start":{"line":11,"column":22},"end":{"line":17,"column":1}},"4":{"start":{"line":12,"column":15},"end":{"line":12,"column":92}},"5":{"start":{"line":13,"column":2},"end":{"line":16,"column":5}},"6":{"start":{"line":19,"column":0},"end":{"line":19,"column":42}},"7":{"start":{"line":21,"column":25},"end":{"line":27,"column":1}},"8":{"start":{"line":22,"column":15},"end":{"line":22,"column":90}},"9":{"start":{"line":23,"column":2},"end":{"line":26,"column":5}},"10":{"start":{"line":29,"column":0},"end":{"line":29,"column":48}},"11":{"start":{"line":31,"column":27},"end":{"line":37,"column":1}},"12":{"start":{"line":32,"column":15},"end":{"line":32,"column":90}},"13":{"start":{"line":33,"column":2},"end":{"line":36,"column":5}},"14":{"start":{"line":39,"column":0},"end":{"line":39,"column":52}},"15":{"start":{"line":41,"column":24},"end":{"line":47,"column":1}},"16":{"start":{"line":42,"column":15},"end":{"line":42,"column":90}},"17":{"start":{"line":43,"column":2},"end":{"line":46,"column":5}},"18":{"start":{"line":49,"column":0},"end":{"line":49,"column":46}},"19":{"start":{"line":51,"column":19},"end":{"line":57,"column":1}},"20":{"start":{"line":52,"column":15},"end":{"line":52,"column":90}},"21":{"start":{"line":53,"column":2},"end":{"line":56,"column":5}},"22":{"start":{"line":59,"column":0},"end":{"line":59,"column":36}},"23":{"start":{"line":61,"column":23},"end":{"line":67,"column":1}},"24":{"start":{"line":62,"column":15},"end":{"line":62,"column":90}},"25":{"start":{"line":63,"column":2},"end":{"line":66,"column":5}},"26":{"start":{"line":69,"column":0},"end":{"line":69,"column":44}},"27":{"start":{"line":71,"column":27},"end":{"line":77,"column":1}},"28":{"start":{"line":72,"column":15},"end":{"line":72,"column":90}},"29":{"start":{"line":73,"column":2},"end":{"line":76,"column":5}},"30":{"start":{"line":79,"column":0},"end":{"line":79,"column":52}}},"fnMap":{"0":{"name":"successResponse","decl":{"start":{"line":11,"column":31},"end":{"line":11,"column":46}},"loc":{"start":{"line":11,"column":64},"end":{"line":17,"column":1}},"line":11},"1":{"name":"badRequestResponse","decl":{"start":{"line":21,"column":34},"end":{"line":21,"column":52}},"loc":{"start":{"line":21,"column":65},"end":{"line":27,"column":1}},"line":21},"2":{"name":"unauthorizedResponse","decl":{"start":{"line":31,"column":36},"end":{"line":31,"column":56}},"loc":{"start":{"line":31,"column":69},"end":{"line":37,"column":1}},"line":31},"3":{"name":"forbiddenResponse","decl":{"start":{"line":41,"column":33},"end":{"line":41,"column":50}},"loc":{"start":{"line":41,"column":63},"end":{"line":47,"column":1}},"line":41},"4":{"name":"nullResponse","decl":{"start":{"line":51,"column":28},"end":{"line":51,"column":40}},"loc":{"start":{"line":51,"column":53},"end":{"line":57,"column":1}},"line":51},"5":{"name":"conflictResponse","decl":{"start":{"line":61,"column":32},"end":{"line":61,"column":48}},"loc":{"start":{"line":61,"column":61},"end":{"line":67,"column":1}},"line":61},"6":{"name":"internalErrREesponse","decl":{"start":{"line":71,"column":36},"end":{"line":71,"column":56}},"loc":{"start":{"line":71,"column":69},"end":{"line":77,"column":1}},"line":71}},"branchMap":{"0":{"loc":{"start":{"line":12,"column":15},"end":{"line":12,"column":92}},"type":"cond-expr","locations":[{"start":{"line":12,"column":68},"end":{"line":12,"column":80}},{"start":{"line":12,"column":83},"end":{"line":12,"column":92}}],"line":12},"1":{"loc":{"start":{"line":12,"column":15},"end":{"line":12,"column":65}},"type":"binary-expr","locations":[{"start":{"line":12,"column":15},"end":{"line":12,"column":35}},{"start":{"line":12,"column":39},"end":{"line":12,"column":65}}],"line":12},"2":{"loc":{"start":{"line":22,"column":15},"end":{"line":22,"column":90}},"type":"cond-expr","locations":[{"start":{"line":22,"column":68},"end":{"line":22,"column":80}},{"start":{"line":22,"column":83},"end":{"line":22,"column":90}}],"line":22},"3":{"loc":{"start":{"line":22,"column":15},"end":{"line":22,"column":65}},"type":"binary-expr","locations":[{"start":{"line":22,"column":15},"end":{"line":22,"column":35}},{"start":{"line":22,"column":39},"end":{"line":22,"column":65}}],"line":22},"4":{"loc":{"start":{"line":25,"column":11},"end":{"line":25,"column":33}},"type":"binary-expr","locations":[{"start":{"line":25,"column":11},"end":{"line":25,"column":16}},{"start":{"line":25,"column":20},"end":{"line":25,"column":33}}],"line":25},"5":{"loc":{"start":{"line":32,"column":15},"end":{"line":32,"column":90}},"type":"cond-expr","locations":[{"start":{"line":32,"column":68},"end":{"line":32,"column":80}},{"start":{"line":32,"column":83},"end":{"line":32,"column":90}}],"line":32},"6":{"loc":{"start":{"line":32,"column":15},"end":{"line":32,"column":65}},"type":"binary-expr","locations":[{"start":{"line":32,"column":15},"end":{"line":32,"column":35}},{"start":{"line":32,"column":39},"end":{"line":32,"column":65}}],"line":32},"7":{"loc":{"start":{"line":35,"column":11},"end":{"line":35,"column":34}},"type":"binary-expr","locations":[{"start":{"line":35,"column":11},"end":{"line":35,"column":16}},{"start":{"line":35,"column":20},"end":{"line":35,"column":34}}],"line":35},"8":{"loc":{"start":{"line":42,"column":15},"end":{"line":42,"column":90}},"type":"cond-expr","locations":[{"start":{"line":42,"column":68},"end":{"line":42,"column":80}},{"start":{"line":42,"column":83},"end":{"line":42,"column":90}}],"line":42},"9":{"loc":{"start":{"line":42,"column":15},"end":{"line":42,"column":65}},"type":"binary-expr","locations":[{"start":{"line":42,"column":15},"end":{"line":42,"column":35}},{"start":{"line":42,"column":39},"end":{"line":42,"column":65}}],"line":42},"10":{"loc":{"start":{"line":45,"column":11},"end":{"line":45,"column":31}},"type":"binary-expr","locations":[{"start":{"line":45,"column":11},"end":{"line":45,"column":16}},{"start":{"line":45,"column":20},"end":{"line":45,"column":31}}],"line":45},"11":{"loc":{"start":{"line":52,"column":15},"end":{"line":52,"column":90}},"type":"cond-expr","locations":[{"start":{"line":52,"column":68},"end":{"line":52,"column":80}},{"start":{"line":52,"column":83},"end":{"line":52,"column":90}}],"line":52},"12":{"loc":{"start":{"line":52,"column":15},"end":{"line":52,"column":65}},"type":"binary-expr","locations":[{"start":{"line":52,"column":15},"end":{"line":52,"column":35}},{"start":{"line":52,"column":39},"end":{"line":52,"column":65}}],"line":52},"13":{"loc":{"start":{"line":55,"column":11},"end":{"line":55,"column":31}},"type":"binary-expr","locations":[{"start":{"line":55,"column":11},"end":{"line":55,"column":16}},{"start":{"line":55,"column":20},"end":{"line":55,"column":31}}],"line":55},"14":{"loc":{"start":{"line":62,"column":15},"end":{"line":62,"column":90}},"type":"cond-expr","locations":[{"start":{"line":62,"column":68},"end":{"line":62,"column":80}},{"start":{"line":62,"column":83},"end":{"line":62,"column":90}}],"line":62},"15":{"loc":{"start":{"line":62,"column":15},"end":{"line":62,"column":65}},"type":"binary-expr","locations":[{"start":{"line":62,"column":15},"end":{"line":62,"column":35}},{"start":{"line":62,"column":39},"end":{"line":62,"column":65}}],"line":62},"16":{"loc":{"start":{"line":65,"column":11},"end":{"line":65,"column":30}},"type":"binary-expr","locations":[{"start":{"line":65,"column":11},"end":{"line":65,"column":16}},{"start":{"line":65,"column":20},"end":{"line":65,"column":30}}],"line":65},"17":{"loc":{"start":{"line":72,"column":15},"end":{"line":72,"column":90}},"type":"cond-expr","locations":[{"start":{"line":72,"column":68},"end":{"line":72,"column":80}},{"start":{"line":72,"column":83},"end":{"line":72,"column":90}}],"line":72},"18":{"loc":{"start":{"line":72,"column":15},"end":{"line":72,"column":65}},"type":"binary-expr","locations":[{"start":{"line":72,"column":15},"end":{"line":72,"column":35}},{"start":{"line":72,"column":39},"end":{"line":72,"column":65}}],"line":72},"19":{"loc":{"start":{"line":75,"column":11},"end":{"line":75,"column":43}},"type":"binary-expr","locations":[{"start":{"line":75,"column":11},"end":{"line":75,"column":16}},{"start":{"line":75,"column":20},"end":{"line":75,"column":43}}],"line":75}},"s":{"0":1,"1":1,"2":1,"3":1,"4":37,"5":37,"6":1,"7":1,"8":26,"9":26,"10":1,"11":1,"12":1,"13":1,"14":1,"15":1,"16":4,"17":4,"18":1,"19":1,"20":9,"21":9,"22":1,"23":1,"24":6,"25":6,"26":1,"27":1,"28":0,"29":0,"30":1},"f":{"0":37,"1":26,"2":1,"3":4,"4":9,"5":6,"6":0},"b":{"0":[0,37],"1":[37,0],"2":[0,26],"3":[26,0],"4":[26,0],"5":[0,1],"6":[1,0],"7":[1,0],"8":[0,4],"9":[4,0],"10":[4,0],"11":[0,9],"12":[9,0],"13":[9,0],"14":[0,6],"15":[6,0],"16":[6,0],"17":[0,0],"18":[0,0],"19":[0,0]},"_coverageSchema":"43e27e138ebf9cfc5966b082cf9a028302ed4184","hash":"8223cb4e78598628183115b0b9f4fd14277a0027","contentHash":"9bc19c2d6244112f300319b4d512842e4a501e8cbe2438769b540fd789003bcf"},"C:\\Users\\wilfr\\Desktop\\bootCamp React\\wayfarer\\app\\src\\controllers\\users.js":{"path":"C:\\Users\\wilfr\\Desktop\\bootCamp React\\wayfarer\\app\\src\\controllers\\users.js","statementMap":{"0":{"start":{"line":3,"column":29},"end":{"line":3,"column":92}},"1":{"start":{"line":5,"column":29},"end":{"line":5,"column":100}},"2":{"start":{"line":7,"column":0},"end":{"line":9,"column":3}},"3":{"start":{"line":11,"column":0},"end":{"line":11,"column":28}},"4":{"start":{"line":13,"column":19},"end":{"line":13,"column":88}},"5":{"start":{"line":15,"column":23},"end":{"line":15,"column":103}},"6":{"start":{"line":17,"column":20},"end":{"line":17,"column":97}},"7":{"start":{"line":19,"column":14},"end":{"line":19,"column":34}},"8":{"start":{"line":21,"column":12},"end":{"line":21,"column":61}},"9":{"start":{"line":23,"column":16},"end":{"line":23,"column":44}},"10":{"start":{"line":28,"column":0},"end":{"line":175,"column":3}},"11":{"start":{"line":30,"column":4},"end":{"line":30,"column":50}},"12":{"start":{"line":33,"column":2},"end":{"line":173,"column":6}},"13":{"start":{"line":45,"column":6},"end":{"line":102,"column":32}},"14":{"start":{"line":46,"column":8},"end":{"line":101,"column":9}},"15":{"start":{"line":47,"column":10},"end":{"line":100,"column":11}},"16":{"start":{"line":49,"column":14},"end":{"line":49,"column":159}},"17":{"start":{"line":50,"column":14},"end":{"line":50,"column":32}},"18":{"start":{"line":51,"column":14},"end":{"line":51,"column":80}},"19":{"start":{"line":54,"column":14},"end":{"line":54,"column":45}},"20":{"start":{"line":55,"column":14},"end":{"line":55,"column":32}},"21":{"start":{"line":56,"column":14},"end":{"line":56,"column":32}},"22":{"start":{"line":57,"column":14},"end":{"line":62,"column":18}},"23":{"start":{"line":65,"column":14},"end":{"line":65,"column":42}},"24":{"start":{"line":66,"column":14},"end":{"line":66,"column":67}},"25":{"start":{"line":67,"column":14},"end":{"line":73,"column":17}},"26":{"start":{"line":74,"column":14},"end":{"line":81,"column":18}},"27":{"start":{"line":84,"column":14},"end":{"line":84,"column":33}},"28":{"start":{"line":85,"column":14},"end":{"line":85,"column":49}},"29":{"start":{"line":87,"column":14},"end":{"line":90,"column":15}},"30":{"start":{"line":88,"column":16},"end":{"line":88,"column":35}},"31":{"start":{"line":89,"column":16},"end":{"line":89,"column":22}},"32":{"start":{"line":92,"column":14},"end":{"line":92,"column":126}},"33":{"start":{"line":95,"column":14},"end":{"line":95,"column":108}},"34":{"start":{"line":99,"column":14},"end":{"line":99,"column":37}},"35":{"start":{"line":109,"column":6},"end":{"line":171,"column":32}},"36":{"start":{"line":110,"column":8},"end":{"line":170,"column":9}},"37":{"start":{"line":111,"column":10},"end":{"line":169,"column":11}},"38":{"start":{"line":113,"column":14},"end":{"line":113,"column":94}},"39":{"start":{"line":114,"column":14},"end":{"line":114,"column":33}},"40":{"start":{"line":115,"column":14},"end":{"line":115,"column":33}},"41":{"start":{"line":116,"column":14},"end":{"line":116,"column":97}},"42":{"start":{"line":119,"column":14},"end":{"line":119,"column":36}},"43":{"start":{"line":121,"column":14},"end":{"line":124,"column":15}},"44":{"start":{"line":122,"column":16},"end":{"line":122,"column":35}},"45":{"start":{"line":123,"column":16},"end":{"line":123,"column":22}},"46":{"start":{"line":126,"column":14},"end":{"line":126,"column":121}},"47":{"start":{"line":129,"column":14},"end":{"line":129,"column":33}},"48":{"start":{"line":130,"column":14},"end":{"line":130,"column":96}},"49":{"start":{"line":133,"column":14},"end":{"line":133,"column":37}},"50":{"start":{"line":135,"column":14},"end":{"line":138,"column":15}},"51":{"start":{"line":136,"column":16},"end":{"line":136,"column":36}},"52":{"start":{"line":137,"column":16},"end":{"line":137,"column":22}},"53":{"start":{"line":140,"column":14},"end":{"line":140,"column":121}},"54":{"start":{"line":143,"column":14},"end":{"line":143,"column":111}},"55":{"start":{"line":144,"column":14},"end":{"line":150,"column":17}},"56":{"start":{"line":151,"column":14},"end":{"line":158,"column":16}},"57":{"start":{"line":159,"column":14},"end":{"line":159,"column":98}},"58":{"start":{"line":162,"column":14},"end":{"line":162,"column":34}},"59":{"start":{"line":163,"column":14},"end":{"line":163,"column":51}},"60":{"start":{"line":164,"column":14},"end":{"line":164,"column":110}},"61":{"start":{"line":168,"column":14},"end":{"line":168,"column":38}},"62":{"start":{"line":174,"column":2},"end":{"line":174,"column":15}},"63":{"start":{"line":177,"column":15},"end":{"line":177,"column":20}},"64":{"start":{"line":178,"column":0},"end":{"line":178,"column":30}}},"fnMap":{"0":{"name":"(anonymous_0)","decl":{"start":{"line":28,"column":0},"end":{"line":28,"column":1}},"loc":{"start":{"line":28,"column":12},"end":{"line":175,"column":1}},"line":28},"1":{"name":"Users","decl":{"start":{"line":29,"column":11},"end":{"line":29,"column":16}},"loc":{"start":{"line":29,"column":19},"end":{"line":31,"column":3}},"line":29},"2":{"name":"signUp","decl":{"start":{"line":42,"column":20},"end":{"line":42,"column":26}},"loc":{"start":{"line":42,"column":37},"end":{"line":103,"column":5}},"line":42},"3":{"name":"signUp$","decl":{"start":{"line":45,"column":52},"end":{"line":45,"column":59}},"loc":{"start":{"line":45,"column":70},"end":{"line":102,"column":7}},"line":45},"4":{"name":"signIn","decl":{"start":{"line":106,"column":20},"end":{"line":106,"column":26}},"loc":{"start":{"line":106,"column":37},"end":{"line":172,"column":5}},"line":106},"5":{"name":"signIn$","decl":{"start":{"line":109,"column":52},"end":{"line":109,"column":59}},"loc":{"start":{"line":109,"column":71},"end":{"line":171,"column":7}},"line":109}},"branchMap":{"0":{"loc":{"start":{"line":47,"column":10},"end":{"line":100,"column":11}},"type":"switch","locations":[{"start":{"line":48,"column":12},"end":{"line":51,"column":80}},{"start":{"line":53,"column":12},"end":{"line":62,"column":18}},{"start":{"line":64,"column":12},"end":{"line":81,"column":18}},{"start":{"line":83,"column":12},"end":{"line":92,"column":126}},{"start":{"line":94,"column":12},"end":{"line":95,"column":108}},{"start":{"line":97,"column":12},"end":{"line":97,"column":20}},{"start":{"line":98,"column":12},"end":{"line":99,"column":37}}],"line":47},"1":{"loc":{"start":{"line":87,"column":14},"end":{"line":90,"column":15}},"type":"if","locations":[{"start":{"line":87,"column":14},"end":{"line":90,"column":15}},{"start":{"line":87,"column":14},"end":{"line":90,"column":15}}],"line":87},"2":{"loc":{"start":{"line":111,"column":10},"end":{"line":169,"column":11}},"type":"switch","locations":[{"start":{"line":112,"column":12},"end":{"line":116,"column":97}},{"start":{"line":118,"column":12},"end":{"line":126,"column":121}},{"start":{"line":128,"column":12},"end":{"line":130,"column":96}},{"start":{"line":132,"column":12},"end":{"line":140,"column":121}},{"start":{"line":142,"column":12},"end":{"line":
[...]
407,"column":35}},"143":{"start":{"line":408,"column":6},"end":{"line":408,"column":13}},"144":{"start":{"line":412,"column":0},"end":{"line":455,"column":3}},"145":{"start":{"line":413,"column":2},"end":{"line":420,"column":5}},"146":{"start":{"line":414,"column":4},"end":{"line":419,"column":7}},"147":{"start":{"line":415,"column":6},"end":{"line":415,"column":57}},"148":{"start":{"line":416,"column":6},"end":{"line":416,"column":28}},"149":{"start":{"line":417,"column":6},"end":{"line":417,"column":35}},"150":{"start":{"line":418,"column":6},"end":{"line":418,"column":13}},"151":{"start":{"line":421,"column":2},"end":{"line":428,"column":5}},"152":{"start":{"line":422,"column":4},"end":{"line":427,"column":7}},"153":{"start":{"line":423,"column":6},"end":{"line":423,"column":57}},"154":{"start":{"line":424,"column":6},"end":{"line":424,"column":28}},"155":{"start":{"line":425,"column":6},"end":{"line":425,"column":35}},"156":{"start":{"line":426,"column":6},"end":{"line":426,"column":13}},"157":{"start":{"line":429,"column":2},"end":{"line":436,"column":5}},"158":{"start":{"line":430,"column":4},"end":{"line":435,"column":7}},"159":{"start":{"line":431,"column":6},"end":{"line":431,"column":57}},"160":{"start":{"line":432,"column":6},"end":{"line":432,"column":28}},"161":{"start":{"line":433,"column":6},"end":{"line":433,"column":35}},"162":{"start":{"line":434,"column":6},"end":{"line":434,"column":13}},"163":{"start":{"line":437,"column":2},"end":{"line":445,"column":5}},"164":{"start":{"line":438,"column":4},"end":{"line":438,"column":90}},"165":{"start":{"line":439,"column":4},"end":{"line":444,"column":7}},"166":{"start":{"line":440,"column":6},"end":{"line":440,"column":49}},"167":{"start":{"line":441,"column":6},"end":{"line":441,"column":28}},"168":{"start":{"line":442,"column":6},"end":{"line":442,"column":35}},"169":{"start":{"line":443,"column":6},"end":{"line":443,"column":13}},"170":{"start":{"line":446,"column":2},"end":{"line":454,"column":5}},"171":{"start":{"line":447,"column":4},"end":{"line":447,"column":84}},"172":{"start":{"line":448,"column":4},"end":{"line":453,"column":7}},"173":{"start":{"line":449,"column":6},"end":{"line":449,"column":49}},"174":{"start":{"line":450,"column":6},"end":{"line":450,"column":28}},"175":{"start":{"line":451,"column":6},"end":{"line":451,"column":35}},"176":{"start":{"line":452,"column":6},"end":{"line":452,"column":13}},"177":{"start":{"line":456,"column":0},"end":{"line":483,"column":3}},"178":{"start":{"line":457,"column":2},"end":{"line":464,"column":5}},"179":{"start":{"line":458,"column":4},"end":{"line":463,"column":7}},"180":{"start":{"line":459,"column":6},"end":{"line":459,"column":51}},"181":{"start":{"line":460,"column":6},"end":{"line":460,"column":28}},"182":{"start":{"line":461,"column":6},"end":{"line":461,"column":35}},"183":{"start":{"line":462,"column":6},"end":{"line":462,"column":13}},"184":{"start":{"line":465,"column":2},"end":{"line":473,"column":5}},"185":{"start":{"line":466,"column":4},"end":{"line":466,"column":81}},"186":{"start":{"line":467,"column":4},"end":{"line":472,"column":7}},"187":{"start":{"line":468,"column":6},"end":{"line":468,"column":49}},"188":{"start":{"line":469,"column":6},"end":{"line":469,"column":28}},"189":{"start":{"line":470,"column":6},"end":{"line":470,"column":35}},"190":{"start":{"line":471,"column":6},"end":{"line":471,"column":13}},"191":{"start":{"line":474,"column":2},"end":{"line":482,"column":5}},"192":{"start":{"line":475,"column":4},"end":{"line":475,"column":75}},"193":{"start":{"line":476,"column":4},"end":{"line":481,"column":7}},"194":{"start":{"line":477,"column":6},"end":{"line":477,"column":49}},"195":{"start":{"line":478,"column":6},"end":{"line":478,"column":28}},"196":{"start":{"line":479,"column":6},"end":{"line":479,"column":35}},"197":{"start":{"line":480,"column":6},"end":{"line":480,"column":13}},"198":{"start":{"line":484,"column":0},"end":{"line":530,"column":3}},"199":{"start":{"line":486,"column":2},"end":{"line":494,"column":5}},"200":{"start":{"line":487,"column":4},"end":{"line":487,"column":75}},"201":{"start":{"line":488,"column":4},"end":{"line":488,"column":76}},"202":{"start":{"line":489,"column":4},"end":{"line":492,"column":6}},"203":{"start":{"line":493,"column":4},"end":{"line":493,"column":11}},"204":{"start":{"line":495,"column":2},"end":{"line":502,"column":5}},"205":{"start":{"line":496,"column":4},"end":{"line":501,"column":7}},"206":{"start":{"line":497,"column":6},"end":{"line":497,"column":52}},"207":{"start":{"line":498,"column":6},"end":{"line":498,"column":28}},"208":{"start":{"line":499,"column":6},"end":{"line":499,"column":35}},"209":{"start":{"line":500,"column":6},"end":{"line":500,"column":13}},"210":{"start":{"line":503,"column":2},"end":{"line":511,"column":5}},"211":{"start":{"line":504,"column":4},"end":{"line":504,"column":75}},"212":{"start":{"line":505,"column":4},"end":{"line":510,"column":7}},"213":{"start":{"line":506,"column":6},"end":{"line":506,"column":49}},"214":{"start":{"line":507,"column":6},"end":{"line":507,"column":28}},"215":{"start":{"line":508,"column":6},"end":{"line":508,"column":35}},"216":{"start":{"line":509,"column":6},"end":{"line":509,"column":13}},"217":{"start":{"line":512,"column":2},"end":{"line":520,"column":5}},"218":{"start":{"line":513,"column":4},"end":{"line":513,"column":77}},"219":{"start":{"line":514,"column":4},"end":{"line":519,"column":7}},"220":{"start":{"line":515,"column":6},"end":{"line":515,"column":49}},"221":{"start":{"line":516,"column":6},"end":{"line":516,"column":28}},"222":{"start":{"line":517,"column":6},"end":{"line":517,"column":35}},"223":{"start":{"line":518,"column":6},"end":{"line":518,"column":13}},"224":{"start":{"line":521,"column":2},"end":{"line":529,"column":5}},"225":{"start":{"line":522,"column":4},"end":{"line":522,"column":71}},"226":{"start":{"line":523,"column":4},"end":{"line":528,"column":7}},"227":{"start":{"line":524,"column":6},"end":{"line":524,"column":49}},"228":{"start":{"line":525,"column":6},"end":{"line":525,"column":28}},"229":{"start":{"line":526,"column":6},"end":{"line":526,"column":35}},"230":{"start":{"line":527,"column":6},"end":{"line":527,"column":13}}},"fnMap":{"0":{"name":"ownKeys","decl":{"start":{"line":41,"column":9},"end":{"line":41,"column":16}},"loc":{"start":{"line":41,"column":41},"end":{"line":41,"column":408}},"line":41},"1":{"name":"(anonymous_1)","decl":{"start":{"line":41,"column":265},"end":{"line":41,"column":266}},"loc":{"start":{"line":41,"column":280},"end":{"line":41,"column":357}},"line":41},"2":{"name":"_objectSpread","decl":{"start":{"line":43,"column":9},"end":{"line":43,"column":22}},"loc":{"start":{"line":43,"column":31},"end":{"line":43,"column":719}},"line":43},"3":{"name":"(anonymous_3)","decl":{"start":{"line":43,"column":245},"end":{"line":43,"column":246}},"loc":{"start":{"line":43,"column":260},"end":{"line":43,"column":323}},"line":43},"4":{"name":"(anonymous_4)","decl":{"start":{"line":43,"column":575},"end":{"line":43,"column":576}},"loc":{"start":{"line":43,"column":590},"end":{"line":43,"column":696}},"line":43},"5":{"name":"_callee","decl":{"start":{"line":65,"column":72},"end":{"line":65,"column":79}},"loc":{"start":{"line":65,"column":82},"end":{"line":298,"column":1}},"line":65},"6":{"name":"_callee$","decl":{"start":{"line":67,"column":48},"end":{"line":67,"column":56}},"loc":{"start":{"line":67,"column":67},"end":{"line":297,"column":3}},"line":67},"7":{"name":"(anonymous_7)","decl":{"start":{"line":299,"column":24},"end":{"line":299,"column":25}},"loc":{"start":{"line":299,"column":36},"end":{"line":411,"column":1}},"line":299},"8":{"name":"(anonymous_8)","decl":{"start":{"line":300,"column":29},"end":{"line":300,"column":30}},"loc":{"start":{"line":300,"column":45},"end":{"line":315,"column":3}},"line":300},"9":{"name":"(anonymous_9)","decl":{"start":{"line":309,"column":85},"end":{"line":309,"column":86}},"loc":{"start":{"line":309,"column":105},"end":{"line":314,"column":5}},"line":309},"10":{"name":"(anonymous_10)","decl":{"start":{"line":316,"column":75},"end":{"line":316,"column":76}},"loc":{"start":{"line":316,"column":91},"end":{"line":331,"column":3}},"line":316},"11":{"name":"(anonymous_11)","decl":{"start":{"line":325,"column":136},"end":{"line":325,"column":137}},"loc":{"start":{"line":325,"column":156},"end":{"line":330,"column":5}},"line":325},"12":{"name":"(anonymous_12)","decl":{"start":{"line":332,"column":63},"end":{"line":332,"column":64}},"loc":{"start":{"line":332,"column":79},"end":{"line":346,"column":3}},"line":332},"13":{"name":"(anonymous_13)","decl":{"start":{"line":340,"column":136},"end":{"line":340,"column":137}},"loc":{"start":{"line":340,"column":156},"end":{"line":345,"column":5}},"line":340},"14":{"name":"(anonymous_14)","decl":{"start":{"line":347,"column":60},"end":{"line":347,"column":61}},"loc":{"start":{"line":347,"column":76},"end":{"line":362,"column":3}},"line":347},"15":{"name":"(anonymous_15)","decl":{"start":{"line":356,"column":136},"end":{"line":356,"column":137}},"loc":{"start":{"line":356,"column":156},"end":{"line":361,"column":5}},"line":356},"16":{"name":"(anonymous_16)","decl":{"start":{"line":363,"column":65},"end":{"line":363,"column":66}},"loc":{"start":{"line":363,"column":81},"end":{"line":378,"column":3}},"line":363},"17":{"name":"(anonymous_17)","decl":{"start":{"line":372,"column":136},"end":{"line":372,"column":137}},"loc":{"start":{"line":372,"column":156},"end":{"line":377,"column":5}},"line":372},"18":{"name":"(anonymous_18)","decl":{"start":{"line":379,"column":76},"end":{"line":379,"column":77}},"loc":{"start":{"line":379,"column":92},"end":{"line":394,"column":3}},"line":379},"19":{"name":"(anonymous_19)","decl":{"start":{"line":388,"column":136},"end":{"line":388,"column":137}},"loc":{"start":{"line":388,"column":156},"end":{"line":393,"column":5}},"line":388},"20":{"name":"(anonymous_20)","decl":{"start":{"line":395,"column":69},"end":{"line":395,"column":70}},"loc":{"start":{"line":395,"column":85},"end":{"line":410,"column":3}},"line":395},"21":{"name":"(anonymous_21)","decl":{"start":{"line":404,"column":136},"end":{"line":404,"column":137}},"loc":{"start":{"line":404,"column":156},"end":{"line":409,"column":5}},"line":404},"22":{"name":"(anonymous_22)","decl":{"start":{"line":412,"column":23},"end":{"line":412,"column":24}},"loc":{"start":{"line":412,"column":35},"end":{"line":455,"column":1}},"line":412},"23":{"name":"(anonymous_23)","decl":{"start":{"line":413,"column":45},"end":{"line":413,"column":46}},"loc":{"start":{"line":413,"column":61},"end":{"line":420,"column":3}},"line":413},"24":{"name":"(anonymous_24)","decl":{"start":{"line":414,"column":120},"end":{"line":414,"column":121}},"loc":{"start":{"line":414,"column":140},"end":{"line":419,"column":5}},"line":414},"25":{"name":"(anonymous_25)","decl":{"start":{"line":421,"column":49},"end":{"line":421,"column":50}},"loc":{"start":{"line":421,"column":65},"end":{"line":428,"column":3}},"line":421},"26":{"name":"(anonymous_26)","decl":{"start":{"line":422,"column":134},"end":{"line":422,"column":135}},"loc":{"start":{"line":422,"column":154},"end":{"line":427,"column":5}},"line":422},"27":{"name":"(anonymous_27)","decl":{"start":{"line":429,"column":52},"end":{"line":429,"column":53}},"loc":{"start":{"line":429,"column":68},"end":{"line":436,"column":3}},"line":429},"28":{"name":"(anonymous_28)","decl":{"start":{"line":430,"column":139},"end":{"line":430,"column":140}},"loc":{"start":{"line":430,"column":159},"end":{"line":435,"column":5}},"line":430},"29":{"name":"(anonymous_29)","decl":{"start":{"line":437,"column":96},"end":{"line":437,"column":97}},"loc":{"start":{"line":437,"column":112},"end":{"line":445,"column":3}},"line":437},"30":{"name":"(anonymous_30)","decl":{"start":{"line":439,"column":152},"end":{"line":439,"column":153}},"loc":{"start":{"line":439,"column":172},"end":{"line":444,"column":5}},"line":439},"31":{"name":"(anonymous_31)","decl":{"start":{"line":446,"column":63},"end":{"line":446,"column":64}},"loc":{"start":{"line":446,"column":79},"end":{"line":454,"column":3}},"line":446},"32":{"name":"(anonymous_32)","decl":{"start":{"line":448,"column":129},"end":{"line":448,"column":130}},"loc":{"start":{"line":448,"column":149},"end":{"line":453,"column":5}},"line":448},"33":{"name":"(anonymous_33)","decl":{"start":{"line":456,"column":32},"end":{"line":456,"column":33}},"loc":{"start":{"line":456,"column":44},"end":{"line":483,"column":1}},"line":456},"34":{"name":"(anonymous_34)","decl":{"start":{"line":457,"column":26},"end":{"line":457,"column":27}},"loc":{"start":{"line":457,"column":42},"end":{"line":464,"column":3}},"line":457},"35":{"name":"(anonymous_35)","decl":{"start":{"line":458,"column":144},"end":{"line":458,"column":145}},"loc":{"start":{"line":458,"column":164},"end":{"line":463,"column":5}},"line":458},"36":{"name":"(anonymous_36)","decl":{"start":{"line":465,"column":62},"end":{"line":465,"column":63}},"loc":{"start":{"line":465,"column":78},"end":{"line":473,"column":3}},"line":465},"37":{"name":"(anonymous_37)","decl":{"start":{"line":467,"column":129},"end":{"line":467,"column":130}},"loc":{"start":{"line":467,"column":149},"end":{"line":472,"column":5}},"line":467},"38":{"name":"(anonymous_38)","decl":{"start":{"line":474,"column":80},"end":{"line":474,"column":81}},"loc":{"start":{"line":474,"column":96},"end":{"line":482,"column":3}},"line":474},"39":{"name":"(anonymous_39)","decl":{"start":{"line":476,"column":129},"end":{"line":476,"column":130}},"loc":{"start":{"line":476,"column":149},"end":{"line":481,"column":5}},"line":476},"40":{"name":"(anonymous_40)","decl":{"start":{"line":484,"column":25},"end":{"line":484,"column":26}},"loc":{"start":{"line":484,"column":37},"end":{"line":530,"column":1}},"line":484},"41":{"name":"(anonymous_41)","decl":{"start":{"line":486,"column":53},"end":{"line":486,"column":54}},"loc":{"start":{"line":486,"column":69},"end":{"line":494,"column":3}},"line":486},"42":{"name":"(anonymous_42)","decl":{"start":{"line":495,"column":29},"end":{"line":495,"column":30}},"loc":{"start":{"line":495,"column":45},"end":{"line":502,"column":3}},"line":495},"43":{"name":"(anonymous_43)","decl":{"start":{"line":496,"column":146},"end":{"line":496,"column":147}},"loc":{"start":{"line":496,"column":166},"end":{"line":501,"column":5}},"line":496},"44":{"name":"(anonymous_44)","decl":{"start":{"line":503,"column":62},"end":{"line":503,"column":63}},"loc":{"start":{"line":503,"column":78},"end":{"line":511,"column":3}},"line":503},"45":{"name":"(anonymous_45)","decl":{"start":{"line":505,"column":131},"end":{"line":505,"column":132}},"loc":{"start":{"line":505,"column":151},"end":{"line":510,"column":5}},"line":505},"46":{"name":"(anonymous_46)","decl":{"start":{"line":512,"column":62},"end":{"line":512,"column":63}},"loc":{"start":{"line":512,"column":78},"end":{"line":520,"column":3}},"line":512},"47":{"name":"(anonymous_47)","decl":{"start":{"line":514,"column":146},"end":{"line":514,"column":147}},"loc":{"start":{"line":514,"column":166},"end":{"line":519,"column":5}},"line":514},"48":{"name":"(anonymous_48)","decl":{"start":{"line":521,"column":56},"end":{"line":521,"column":57}},"loc":{"start":{"line":521,"column":72},"end":{"line":529,"column":3}},"line":521},"49":{"name":"(anonymous_49)","decl":{"start":{"line":523,"column":128},"end":{"line":523,"column":129}},"loc":{"start":{"line":523,"column":148},"end":{"line":528,"column":5}},"line":523}},"branchMap":{"0":{"loc":{"start":{"line":41,"column":85},"end":{"line":41,"column":393}},"type":"if","locations":[{"start":{"line":41,"column":85},"end":{"line":41,"column":393}},{"start":{"line":41,"column":85},"end":{"line":41,"column":393}}],"line":41},"1":{"loc":{"start":{"line":41,"column":188},"end":{"line":41,"column":359}},"type":"if","locations":[{"start":{"line":41,"column":188},"end":{"line":41,"column":359}},{"start":{"line":41,"column":188},"end":{"line":41,"column":359}}],"line":41},"2":{"loc":{"start":{"line":43,"column":91},"end":{"line":43,"column":131}},"type":"cond-expr","locations":[{"start":{"line":43,"column":114},"end":{"line":43,"column":126}},{"start":{"line":43,"column":129},"end":{"line":43,"column":131}}],"line":43},"3":{"loc":{"start":{"line":43,"column":133},"end":{"line":43,"column":700}},"type":"if","locations":[{"start":{"line":43,"column":133},"end":{"line":43,"column":700}},{"start":{"line":43,"column":133},"end":{"line":43,"column":700}}],"line":43},"4":{"loc":{"start":{"line":43,"column":333},"end":{"line":43,"column":700}},"type":"if","locations":[{"start":{"line":43,"column":333},"end":{"line":43,"column":700}},{"start":{"line":43,"column":333},"end":{"line":43,"column":700}}],"line":43},"5":{"loc":{"start":{"line":69,"column":6},"end":{"line":295,"column":7}},"type":"switch","locations":[{"start":{"line":70,"column":8},"end":{"line":219,"column":14}},{"start":{"line":221,"column":8},"end":{"line":228,"column":14}},{"start":{"line":230,"column":8},"end":{"line":235,"column":172}},{"start":{"line":237,"column":8},"end":{"line":242,"column":173}},{"start":{"line":244,"column":8},"end":{"line":249,"column":173}},{"start":{"line":251,"column":8},"end":{"line":256,"column":173}},{"start":{"line":258,"column":8},"end":{"line":271,"column":177}},{"start":{"line":273,"column":8},"end":{"line":286,"column":177}},{"start":{"line":288,"column":8},"end":{"line":290,"column":37}},{"start":{"line":292,"column":8},"end":{"line":292,"column":16}},{"start":{"line":293,"column":8},"end":{"line":294,"column":33}}],"line":69}},"s":{"0":1,"1":1,"2":1,"3":1,"4":1,"5":1,"6":1,"7":1,"8":1,"9":1,"10":1,"11":1,"12":1,"13":1,"14":1,"15":1,"16":1,"17":1,"18":1,"19":2,"20":2,"21":2,"22":2,"23":2,"24":0,"25":2,"26":2,"27":2,"28":2,"29":4,"30":4,"31":2,"32":8,"33":2,"34":2,"35":0,"36":0,"37":2,"38":1,"39":1,"40":1,"41":1,"42":1,"43":9,"44":9,"45":1,"46":1,"47":1,"48":1,"49":1,"50":1,"51":1,"52":1,"53":1,"54":1,"55":1,"56":1,"57":1,"58":1,"59":1,"60":1,"61":1,"62":1,"63":1,"64":1,"65":1,"66":1,"67":1,"68":1,"69":1,"70":1,"71":1,"72":1,"73":1,"74":1,"75":1,"76":1,"77":1,"78":1,"79":1,"80":1,"81":1,"82":1,"83":1,"84":1,"85":1,"86":1,"87":1,"88":1,"89":1,"90":1,"91":1,"92":1,"93":1,"94":1,"95":1,"96":1,"97":1,"98":1,"99":1,"100":1,"101":1,"102":1,"103":1,"104":1,"105":1,"106":1,"107":1,"108":1,"109":1,"110":1,"111":1,"112":1,"113":1,"114":1,"115":1,"116":1,"117":1,"118":1,"119":1,"120":1,"121":1,"122":1,"123":1,"124":1,"125":1,"126":1,"127":1,"128":1,"129":1,"130":1,"131":1,"132":1,"133":1,"134":1,"135":1,"136":1,"137":1,"138":1,"139":1,"140":1,"141":1,"142":1,"143":1,"144":1,"145":1,"146":1,"147":1,"148":1,"149":1,"150":1,"151":1,"152":1,"153":1,"154":1,"155":1,"156":1,"157":1,"158":1,"159":1,"160":1,"161":1,"162":1,"163":1,"164":1,"165":1,"166":1,"167":1,"168":1,"169":1,"170":1,"171":1,"172":1,"173":1,"174":1,"175":1,"176":1,"177":1,"178":1,"179":1,"180":1,"181":1,"182":1,"183":1,"184":1,"185":1,"186":1,"187":1,"188":1,"189":1,"190":1,"191":1,"192":1,"193":1,"194":1,"195":1,"196":1,"197":1,"198":1,"199":1,"200":1,"201":1,"202":1,"203":1,"204":1,"205":1,"206":1,"207":1,"208":1,"209":1,"210":1,"211":1,"212":1,"213":1,"214":1,"215":1,"216":1,"217":1,"218":1,"219":1,"220":1,"221":1,"222":1,"223":1,"224":1,"225":1,"226":1,"227":1,"228":1,"229":1,"230":1},"f":{"0":2,"1":0,"2":2,"3":8,"4":0,"5":1,"6":9,"7":1,"8":1,"9":1,"10":1,"11":1,"12":1,"13":1,"14":1,"15":1,"16":1,"17":1,"18":1,"19":1,"20":1,"21":1,"22":1,"23":1,"24":1,"25":1,"26":1,"27":1,"28":1,"29":1,"30":1,"31":1,"32":1,"33":1,"34":1,"35":1,"36":1,"37":1,"38":1,"39":1,"40":1,"41":1,"42":1,"43":1,"44":1,"45":1,"46":1,"47":1,"48":1,"49":1},"b":{"0":[2,0],"1":[2,0],"2":[4,0],"3":[2,2],"4":[2,0],"5":[1,1,1,1,1,1,1,1,1,1,1]},"_coverageSchema":"43e27e138ebf9cfc5966b082cf9a028302ed4184","hash":"8eddfcc9759af3f1b13cc623c329c39a43269373","contentHash":"c9df8a1641121ed80bee04efef214f5461159531c8730952e1741728905c7533"}}